
c:/Users/benja/OneDrive/Desktop/visualStudioCode/summerIOT/Lab10/target/5.3.0/argon/Lab10.elf:     file format elf32-littlearm

Sections:
Idx Name          Size      VMA       LMA       File off  Algn
  0 .module_info  00000018  000b4000  000b4000  00004000  2**0
                  CONTENTS, ALLOC, LOAD, READONLY, DATA
  1 .dynalib      00000004  000b4018  000b4018  00004018  2**2
                  CONTENTS, ALLOC, LOAD, READONLY, DATA
  2 .text         00000f8c  000b401c  000b401c  0000401c  2**2
                  CONTENTS, ALLOC, LOAD, READONLY, CODE
  3 .note.gnu.build-id 00000024  000b4fa8  000b4fa8  00004fa8  2**2
                  CONTENTS, ALLOC, LOAD, READONLY, DATA
  4 .data         0000006c  2003e660  000b4fcc  0000e660  2**2
                  CONTENTS, ALLOC, LOAD, DATA
  5 .bss          00000124  2003e6cc  2003e6cc  0001e6cc  2**2
                  ALLOC
  6 .backup       00000004  2003f400  000b5038  0000f400  2**2
                  CONTENTS, ALLOC, LOAD, DATA
  7 .module_info_product 00000006  000b503c  000b503c  0001503c  2**0
                  ALLOC
  8 .module_info_suffix 00000024  000b5042  000b5042  00015042  2**0
                  CONTENTS, ALLOC, LOAD, READONLY, DATA
  9 .module_info_crc 00000004  000b5066  000b5066  00015066  2**0
                  CONTENTS, ALLOC, LOAD, READONLY, DATA
 10 .debug_info   000dadca  00000000  00000000  0001506a  2**0
                  CONTENTS, READONLY, DEBUGGING, OCTETS
 11 .debug_abbrev 0000ca41  00000000  00000000  000efe34  2**0
                  CONTENTS, READONLY, DEBUGGING, OCTETS
 12 .debug_loc    0002fcf0  00000000  00000000  000fc875  2**0
                  CONTENTS, READONLY, DEBUGGING, OCTETS
 13 .debug_aranges 00002078  00000000  00000000  0012c565  2**0
                  CONTENTS, READONLY, DEBUGGING, OCTETS
 14 .debug_ranges 00008fd0  00000000  00000000  0012e5dd  2**0
                  CONTENTS, READONLY, DEBUGGING, OCTETS
 15 .debug_macro  0002fff5  00000000  00000000  001375ad  2**0
                  CONTENTS, READONLY, DEBUGGING, OCTETS
 16 .debug_line   0002c7bb  00000000  00000000  001675a2  2**0
                  CONTENTS, READONLY, DEBUGGING, OCTETS
 17 .debug_str    001326fc  00000000  00000000  00193d5d  2**0
                  CONTENTS, READONLY, DEBUGGING, OCTETS
 18 .debug_frame  00005c3c  00000000  00000000  002c645c  2**2
                  CONTENTS, READONLY, DEBUGGING, OCTETS

Disassembly of section .text:

000b401c <strlen>:
   b401c:	4603      	mov	r3, r0
   b401e:	f813 2b01 	ldrb.w	r2, [r3], #1
   b4022:	2a00      	cmp	r2, #0
   b4024:	d1fb      	bne.n	b401e <strlen+0x2>
   b4026:	1a18      	subs	r0, r3, r0
   b4028:	3801      	subs	r0, #1
   b402a:	4770      	bx	lr

000b402c <module_user_pre_init>:
/**
 * Initializes this user module. Returns the start of the heap.
 */
void* module_user_pre_init() {

    if ( (&link_global_data_start!=&link_global_data_initial_values) && (link_global_data_size != 0))
   b402c:	4809      	ldr	r0, [pc, #36]	; (b4054 <module_user_pre_init+0x28>)
   b402e:	490a      	ldr	r1, [pc, #40]	; (b4058 <module_user_pre_init+0x2c>)
   b4030:	4288      	cmp	r0, r1
void* module_user_pre_init() {
   b4032:	b508      	push	{r3, lr}
    if ( (&link_global_data_start!=&link_global_data_initial_values) && (link_global_data_size != 0))
   b4034:	d005      	beq.n	b4042 <module_user_pre_init+0x16>
   b4036:	4a09      	ldr	r2, [pc, #36]	; (b405c <module_user_pre_init+0x30>)
   b4038:	4282      	cmp	r2, r0
   b403a:	d002      	beq.n	b4042 <module_user_pre_init+0x16>
    {
        memcpy(&link_global_data_start, &link_global_data_initial_values, link_global_data_size);
   b403c:	1a12      	subs	r2, r2, r0
   b403e:	f000 fde7 	bl	b4c10 <memcpy>
    }

    memset(&link_bss_location, 0, link_bss_size );
   b4042:	4807      	ldr	r0, [pc, #28]	; (b4060 <module_user_pre_init+0x34>)
   b4044:	4a07      	ldr	r2, [pc, #28]	; (b4064 <module_user_pre_init+0x38>)
   b4046:	2100      	movs	r1, #0
   b4048:	1a12      	subs	r2, r2, r0
   b404a:	f000 fdef 	bl	b4c2c <memset>
    return &link_global_data_start;
}
   b404e:	4801      	ldr	r0, [pc, #4]	; (b4054 <module_user_pre_init+0x28>)
   b4050:	bd08      	pop	{r3, pc}
   b4052:	bf00      	nop
   b4054:	2003e660 	.word	0x2003e660
   b4058:	000b4fcc 	.word	0x000b4fcc
   b405c:	2003e6cc 	.word	0x2003e6cc
   b4060:	2003e6cc 	.word	0x2003e6cc
   b4064:	2003e7f0 	.word	0x2003e7f0

000b4068 <module_user_init>:
extern constructor_ptr_t link_constructors_location[];
extern constructor_ptr_t link_constructors_end;
#define link_constructors_size   ((unsigned long)&link_constructors_end  -  (unsigned long)&link_constructors_location )

void module_user_init()
{
   b4068:	b570      	push	{r4, r5, r6, lr}
    module_user_init_hook();

    // invoke constructors
    for (size_t ctor_num=0; ctor_num < link_constructors_size/sizeof(constructor_ptr_t); ctor_num++ )
   b406a:	4e07      	ldr	r6, [pc, #28]	; (b4088 <module_user_init+0x20>)
   b406c:	4c07      	ldr	r4, [pc, #28]	; (b408c <module_user_init+0x24>)
    module_user_init_hook();
   b406e:	f000 fb0f 	bl	b4690 <module_user_init_hook>
    for (size_t ctor_num=0; ctor_num < link_constructors_size/sizeof(constructor_ptr_t); ctor_num++ )
   b4072:	1ba4      	subs	r4, r4, r6
   b4074:	08a4      	lsrs	r4, r4, #2
   b4076:	2500      	movs	r5, #0
   b4078:	42ac      	cmp	r4, r5
   b407a:	d100      	bne.n	b407e <module_user_init+0x16>
    {
        link_constructors_location[ctor_num]();
    }
}
   b407c:	bd70      	pop	{r4, r5, r6, pc}
        link_constructors_location[ctor_num]();
   b407e:	f856 3b04 	ldr.w	r3, [r6], #4
   b4082:	4798      	blx	r3
    for (size_t ctor_num=0; ctor_num < link_constructors_size/sizeof(constructor_ptr_t); ctor_num++ )
   b4084:	3501      	adds	r5, #1
   b4086:	e7f7      	b.n	b4078 <module_user_init+0x10>
   b4088:	000b4f84 	.word	0x000b4f84
   b408c:	000b4fa8 	.word	0x000b4fa8

000b4090 <module_user_setup>:

/**
 * Export these functions with a fuller name so they don't clash with the setup/loop wrappers in the system module.
 */
void module_user_setup() {
    setup();
   b4090:	f000 b813 	b.w	b40ba <setup>

000b4094 <module_user_loop>:
}

void module_user_loop() {
   b4094:	b508      	push	{r3, lr}
    loop();
   b4096:	f000 f81f 	bl	b40d8 <loop>
    _post_loop();
}
   b409a:	e8bd 4008 	ldmia.w	sp!, {r3, lr}
    _post_loop();
   b409e:	f000 baaf 	b.w	b4600 <_post_loop>

000b40a2 <_Znaj>:
   b40a2:	f000 b99b 	b.w	b43dc <malloc>

000b40a6 <_ZdlPvj>:
	free(p);
}

void operator delete(void *p, size_t size)
{
	free(p);
   b40a6:	f000 b9a1 	b.w	b43ec <free>

000b40aa <__cxa_guard_acquire>:

/* Provide default implemenation for __cxa_guard_acquire() and
 * __cxa_guard_release(). Note: these must be revisited if a multitasking
 * OS is ported to this platform. */
__extension__ typedef int __guard __attribute__((mode (__DI__)));
int __cxa_guard_acquire(__guard *g) {return !*(char *)(g);};
   b40aa:	7800      	ldrb	r0, [r0, #0]
   b40ac:	fab0 f080 	clz	r0, r0
   b40b0:	0940      	lsrs	r0, r0, #5
   b40b2:	4770      	bx	lr

000b40b4 <__cxa_guard_release>:
void __cxa_guard_release (__guard *g) {*(char *)g = 1;};
   b40b4:	2301      	movs	r3, #1
   b40b6:	7003      	strb	r3, [r0, #0]
   b40b8:	4770      	bx	lr

000b40ba <setup>:
SYSTEM_THREAD(ENABLED);

char message;
bool button_state;

void setup() {
   b40ba:	b508      	push	{r3, lr}
  Serial.begin(9600);  
   b40bc:	f000 fbf0 	bl	b48a0 <_Z16_fetch_usbserialv>
   b40c0:	f44f 5116 	mov.w	r1, #9600	; 0x2580
   b40c4:	f000 fbe0 	bl	b4888 <_ZN9USBSerial5beginEl>
  Serial1.begin(9600);
   b40c8:	f000 fd76 	bl	b4bb8 <_Z22__fetch_global_Serial1v>
}
   b40cc:	e8bd 4008 	ldmia.w	sp!, {r3, lr}
  Serial1.begin(9600);
   b40d0:	f44f 5116 	mov.w	r1, #9600	; 0x2580
   b40d4:	f000 bc60 	b.w	b4998 <_ZN11USARTSerial5beginEm>

000b40d8 <loop>:

void loop() {
   b40d8:	b510      	push	{r4, lr}
  if (Serial.available()) {
   b40da:	f000 fbe1 	bl	b48a0 <_Z16_fetch_usbserialv>
   b40de:	6803      	ldr	r3, [r0, #0]
   b40e0:	691b      	ldr	r3, [r3, #16]
   b40e2:	4798      	blx	r3
   b40e4:	b340      	cbz	r0, b4138 <loop+0x60>
    message = Serial.read(); 
   b40e6:	f000 fbdb 	bl	b48a0 <_Z16_fetch_usbserialv>
   b40ea:	6803      	ldr	r3, [r0, #0]
   b40ec:	4c13      	ldr	r4, [pc, #76]	; (b413c <loop+0x64>)
   b40ee:	695b      	ldr	r3, [r3, #20]
   b40f0:	4798      	blx	r3
   b40f2:	7020      	strb	r0, [r4, #0]
    //Serial.println(message);
    Serial1.print( message);  
   b40f4:	f000 fd60 	bl	b4bb8 <_Z22__fetch_global_Serial1v>
   b40f8:	7821      	ldrb	r1, [r4, #0]
   b40fa:	f000 fa0f 	bl	b451c <_ZN5Print5printEc>

  if (Serial1.available()) {
   b40fe:	f000 fd5b 	bl	b4bb8 <_Z22__fetch_global_Serial1v>
   b4102:	6803      	ldr	r3, [r0, #0]
   b4104:	691b      	ldr	r3, [r3, #16]
   b4106:	4798      	blx	r3
   b4108:	b1b0      	cbz	r0, b4138 <loop+0x60>
    button_state = Serial1.read();
   b410a:	f000 fd55 	bl	b4bb8 <_Z22__fetch_global_Serial1v>
   b410e:	6803      	ldr	r3, [r0, #0]
   b4110:	695b      	ldr	r3, [r3, #20]
   b4112:	4798      	blx	r3
   b4114:	4b0a      	ldr	r3, [pc, #40]	; (b4140 <loop+0x68>)
   b4116:	2800      	cmp	r0, #0
   b4118:	bf14      	ite	ne
   b411a:	2201      	movne	r2, #1
   b411c:	2200      	moveq	r2, #0
   b411e:	701a      	strb	r2, [r3, #0]

    if (button_state){
   b4120:	d006      	beq.n	b4130 <loop+0x58>
      Serial.println("Button state is HIGH");
   b4122:	f000 fbbd 	bl	b48a0 <_Z16_fetch_usbserialv>
   b4126:	4907      	ldr	r1, [pc, #28]	; (b4144 <loop+0x6c>)
    }
  }
    

  }
}
   b4128:	e8bd 4010 	ldmia.w	sp!, {r4, lr}
      Serial.println("Button state is LOW");
   b412c:	f000 ba05 	b.w	b453a <_ZN5Print7printlnEPKc>
   b4130:	f000 fbb6 	bl	b48a0 <_Z16_fetch_usbserialv>
   b4134:	4904      	ldr	r1, [pc, #16]	; (b4148 <loop+0x70>)
   b4136:	e7f7      	b.n	b4128 <loop+0x50>
}
   b4138:	bd10      	pop	{r4, pc}
   b413a:	bf00      	nop
   b413c:	2003e6d9 	.word	0x2003e6d9
   b4140:	2003e6d8 	.word	0x2003e6d8
   b4144:	000b4d78 	.word	0x000b4d78
   b4148:	000b4d8d 	.word	0x000b4d8d

000b414c <_GLOBAL__sub_I_SystemMode>:
   b414c:	b510      	push	{r4, lr}

class SystemSleepResult {
public:
    SystemSleepResult()
            : wakeupSource_(nullptr),
              error_(SYSTEM_ERROR_NONE) {
   b414e:	4b07      	ldr	r3, [pc, #28]	; (b416c <_GLOBAL__sub_I_SystemMode+0x20>)
    SleepResult() {}
   b4150:	4a07      	ldr	r2, [pc, #28]	; (b4170 <_GLOBAL__sub_I_SystemMode+0x24>)
   b4152:	609a      	str	r2, [r3, #8]
              error_(SYSTEM_ERROR_NONE) {
   b4154:	2400      	movs	r4, #0
   b4156:	e9c3 4400 	strd	r4, r4, [r3]

class SystemClass {
public:

    SystemClass(System_Mode_TypeDef mode = DEFAULT) {
        set_system_mode(mode);
   b415a:	2003      	movs	r0, #3
   b415c:	f000 f8b2 	bl	b42c4 <set_system_mode>
SYSTEM_THREAD(ENABLED);
   b4160:	4621      	mov	r1, r4
   b4162:	2001      	movs	r0, #1
}
   b4164:	e8bd 4010 	ldmia.w	sp!, {r4, lr}
SYSTEM_THREAD(ENABLED);
   b4168:	f000 b8b4 	b.w	b42d4 <system_thread_set_state>
   b416c:	2003e6cc 	.word	0x2003e6cc
   b4170:	ffff0000 	.word	0xffff0000

000b4174 <netdb_freeaddrinfo>:

DYNALIB_BEGIN(hal_netdb)

DYNALIB_FN(0, hal_netdb, netdb_gethostbyname, struct hostent*(const char*))
DYNALIB_FN(1, hal_netdb, netdb_gethostbyname_r, int(const char*, struct hostent*, char*, size_t, struct hostent**, int*))
DYNALIB_FN(2, hal_netdb, netdb_freeaddrinfo, void(struct addrinfo*))
   b4174:	b508      	push	{r3, lr}
   b4176:	4b02      	ldr	r3, [pc, #8]	; (b4180 <netdb_freeaddrinfo+0xc>)
   b4178:	681b      	ldr	r3, [r3, #0]
   b417a:	689b      	ldr	r3, [r3, #8]
   b417c:	9301      	str	r3, [sp, #4]
   b417e:	bd08      	pop	{r3, pc}
   b4180:	00030268 	.word	0x00030268

000b4184 <netdb_getaddrinfo>:
DYNALIB_FN(3, hal_netdb, netdb_getaddrinfo, int(const char*, const char*, const struct addrinfo*, struct addrinfo**))
   b4184:	b508      	push	{r3, lr}
   b4186:	4b02      	ldr	r3, [pc, #8]	; (b4190 <netdb_getaddrinfo+0xc>)
   b4188:	681b      	ldr	r3, [r3, #0]
   b418a:	68db      	ldr	r3, [r3, #12]
   b418c:	9301      	str	r3, [sp, #4]
   b418e:	bd08      	pop	{r3, pc}
   b4190:	00030268 	.word	0x00030268

000b4194 <HAL_RNG_GetRandomNumber>:

DYNALIB_BEGIN(hal)

#if PLATFORM_ID > PLATFORM_GCC
DYNALIB_FN(0, hal, HAL_RNG_Configuration, void(void))
DYNALIB_FN(1, hal, HAL_RNG_GetRandomNumber, uint32_t(void))
   b4194:	b508      	push	{r3, lr}
   b4196:	4b02      	ldr	r3, [pc, #8]	; (b41a0 <HAL_RNG_GetRandomNumber+0xc>)
   b4198:	681b      	ldr	r3, [r3, #0]
   b419a:	685b      	ldr	r3, [r3, #4]
   b419c:	9301      	str	r3, [sp, #4]
   b419e:	bd08      	pop	{r3, pc}
   b41a0:	00030218 	.word	0x00030218

000b41a4 <HAL_Timer_Get_Milli_Seconds>:
#endif // PLATFORM_ID > PLATFORM_GCC

DYNALIB_FN(BASE_IDX + 0, hal, HAL_Delay_Milliseconds, void(uint32_t))
DYNALIB_FN(BASE_IDX + 1, hal, HAL_Delay_Microseconds, void(uint32_t))
DYNALIB_FN(BASE_IDX + 2, hal, HAL_Timer_Get_Micro_Seconds, system_tick_t(void))
DYNALIB_FN(BASE_IDX + 3, hal, HAL_Timer_Get_Milli_Seconds, system_tick_t(void))
   b41a4:	b508      	push	{r3, lr}
   b41a6:	4b02      	ldr	r3, [pc, #8]	; (b41b0 <HAL_Timer_Get_Milli_Seconds+0xc>)
   b41a8:	681b      	ldr	r3, [r3, #0]
   b41aa:	695b      	ldr	r3, [r3, #20]
   b41ac:	9301      	str	r3, [sp, #4]
   b41ae:	bd08      	pop	{r3, pc}
   b41b0:	00030218 	.word	0x00030218

000b41b4 <os_mutex_recursive_create>:
DYNALIB_FN(13, hal_concurrent, os_mutex_destroy, int(os_mutex_t))
DYNALIB_FN(14, hal_concurrent, os_mutex_lock, int(os_mutex_t))
DYNALIB_FN(15, hal_concurrent, os_mutex_trylock, int(os_mutex_t))
DYNALIB_FN(16, hal_concurrent, os_mutex_unlock, int(os_mutex_t))

DYNALIB_FN(17, hal_concurrent, os_mutex_recursive_create, int(os_mutex_recursive_t*))
   b41b4:	b508      	push	{r3, lr}
   b41b6:	4b02      	ldr	r3, [pc, #8]	; (b41c0 <os_mutex_recursive_create+0xc>)
   b41b8:	681b      	ldr	r3, [r3, #0]
   b41ba:	6c5b      	ldr	r3, [r3, #68]	; 0x44
   b41bc:	9301      	str	r3, [sp, #4]
   b41be:	bd08      	pop	{r3, pc}
   b41c0:	00030248 	.word	0x00030248

000b41c4 <inet_inet_ntop>:
DYNALIB_FN(0, hal_inet, inet_inet_addr, in_addr_t(const char*))
DYNALIB_FN(1, hal_inet, inet_inet_aton, int(const char*, struct in_addr*))
DYNALIB_FN(2, hal_inet, inet_inet_network, in_addr_t(const char*))
DYNALIB_FN(3, hal_inet, inet_inet_ntoa, char*(struct in_addr))
DYNALIB_FN(4, hal_inet, inet_inet_ntoa_r, char*(struct in_addr, char*, socklen_t))
DYNALIB_FN(5, hal_inet, inet_inet_ntop, const char*(int, const void*, char*, socklen_t))
   b41c4:	b508      	push	{r3, lr}
   b41c6:	4b02      	ldr	r3, [pc, #8]	; (b41d0 <inet_inet_ntop+0xc>)
   b41c8:	681b      	ldr	r3, [r3, #0]
   b41ca:	695b      	ldr	r3, [r3, #20]
   b41cc:	9301      	str	r3, [sp, #4]
   b41ce:	bd08      	pop	{r3, pc}
   b41d0:	00030264 	.word	0x00030264

000b41d4 <hal_usart_write>:
#endif

DYNALIB_FN(BASE_IDX + 0, hal_usart, hal_usart_init, void(hal_usart_interface_t, hal_usart_ring_buffer_t*, hal_usart_ring_buffer_t*))
DYNALIB_FN(BASE_IDX + 1, hal_usart, hal_usart_begin, void(hal_usart_interface_t, uint32_t))
DYNALIB_FN(BASE_IDX + 2, hal_usart, hal_usart_end, void(hal_usart_interface_t))
DYNALIB_FN(BASE_IDX + 3, hal_usart, hal_usart_write, uint32_t(hal_usart_interface_t, uint8_t))
   b41d4:	b508      	push	{r3, lr}
   b41d6:	4b02      	ldr	r3, [pc, #8]	; (b41e0 <hal_usart_write+0xc>)
   b41d8:	681b      	ldr	r3, [r3, #0]
   b41da:	68db      	ldr	r3, [r3, #12]
   b41dc:	9301      	str	r3, [sp, #4]
   b41de:	bd08      	pop	{r3, pc}
   b41e0:	0003023c 	.word	0x0003023c

000b41e4 <hal_usart_available>:
DYNALIB_FN(BASE_IDX + 4, hal_usart, hal_usart_available, int32_t(hal_usart_interface_t))
   b41e4:	b508      	push	{r3, lr}
   b41e6:	4b02      	ldr	r3, [pc, #8]	; (b41f0 <hal_usart_available+0xc>)
   b41e8:	681b      	ldr	r3, [r3, #0]
   b41ea:	691b      	ldr	r3, [r3, #16]
   b41ec:	9301      	str	r3, [sp, #4]
   b41ee:	bd08      	pop	{r3, pc}
   b41f0:	0003023c 	.word	0x0003023c

000b41f4 <hal_usart_read>:
DYNALIB_FN(BASE_IDX + 5, hal_usart, hal_usart_read, int32_t(hal_usart_interface_t))
   b41f4:	b508      	push	{r3, lr}
   b41f6:	4b02      	ldr	r3, [pc, #8]	; (b4200 <hal_usart_read+0xc>)
   b41f8:	681b      	ldr	r3, [r3, #0]
   b41fa:	695b      	ldr	r3, [r3, #20]
   b41fc:	9301      	str	r3, [sp, #4]
   b41fe:	bd08      	pop	{r3, pc}
   b4200:	0003023c 	.word	0x0003023c

000b4204 <hal_usart_peek>:
DYNALIB_FN(BASE_IDX + 6, hal_usart, hal_usart_peek, int32_t(hal_usart_interface_t))
   b4204:	b508      	push	{r3, lr}
   b4206:	4b02      	ldr	r3, [pc, #8]	; (b4210 <hal_usart_peek+0xc>)
   b4208:	681b      	ldr	r3, [r3, #0]
   b420a:	699b      	ldr	r3, [r3, #24]
   b420c:	9301      	str	r3, [sp, #4]
   b420e:	bd08      	pop	{r3, pc}
   b4210:	0003023c 	.word	0x0003023c

000b4214 <hal_usart_flush>:
DYNALIB_FN(BASE_IDX + 7, hal_usart, hal_usart_flush, void(hal_usart_interface_t))
   b4214:	b508      	push	{r3, lr}
   b4216:	4b02      	ldr	r3, [pc, #8]	; (b4220 <hal_usart_flush+0xc>)
   b4218:	681b      	ldr	r3, [r3, #0]
   b421a:	69db      	ldr	r3, [r3, #28]
   b421c:	9301      	str	r3, [sp, #4]
   b421e:	bd08      	pop	{r3, pc}
   b4220:	0003023c 	.word	0x0003023c

000b4224 <hal_usart_available_data_for_write>:
DYNALIB_FN(BASE_IDX + 8, hal_usart, hal_usart_is_enabled, bool(hal_usart_interface_t))
DYNALIB_FN(BASE_IDX + 9, hal_usart, hal_usart_half_duplex, void(hal_usart_interface_t, bool))
DYNALIB_FN(BASE_IDX + 10, hal_usart, hal_usart_available_data_for_write, int32_t(hal_usart_interface_t))
   b4224:	b508      	push	{r3, lr}
   b4226:	4b02      	ldr	r3, [pc, #8]	; (b4230 <hal_usart_available_data_for_write+0xc>)
   b4228:	681b      	ldr	r3, [r3, #0]
   b422a:	6a9b      	ldr	r3, [r3, #40]	; 0x28
   b422c:	9301      	str	r3, [sp, #4]
   b422e:	bd08      	pop	{r3, pc}
   b4230:	0003023c 	.word	0x0003023c

000b4234 <hal_usart_begin_config>:
#define BASE_IDX2 (BASE_IDX+13)
#else
#define BASE_IDX2 (BASE_IDX+11)
#endif

DYNALIB_FN(BASE_IDX2 + 0, hal_usart, hal_usart_begin_config, void(hal_usart_interface_t serial, uint32_t baud, uint32_t config, void *ptr))
   b4234:	b508      	push	{r3, lr}
   b4236:	4b02      	ldr	r3, [pc, #8]	; (b4240 <hal_usart_begin_config+0xc>)
   b4238:	681b      	ldr	r3, [r3, #0]
   b423a:	6adb      	ldr	r3, [r3, #44]	; 0x2c
   b423c:	9301      	str	r3, [sp, #4]
   b423e:	bd08      	pop	{r3, pc}
   b4240:	0003023c 	.word	0x0003023c

000b4244 <hal_usart_init_ex>:
DYNALIB_FN(BASE_IDX2 + 1, hal_usart, hal_usart_write_nine_bits, uint32_t(hal_usart_interface_t serial, uint16_t data))
DYNALIB_FN(BASE_IDX2 + 2, hal_usart, hal_usart_send_break, void(hal_usart_interface_t, void*))
DYNALIB_FN(BASE_IDX2 + 3, hal_usart, hal_usart_break_detected, uint8_t(hal_usart_interface_t))
DYNALIB_FN(BASE_IDX2 + 4, hal_usart, hal_usart_sleep, int(hal_usart_interface_t serial, bool, void*))
DYNALIB_FN(BASE_IDX2 + 5, hal_usart, hal_usart_init_ex, int(hal_usart_interface_t, const hal_usart_buffer_config_t*, void*))
   b4244:	b508      	push	{r3, lr}
   b4246:	4b02      	ldr	r3, [pc, #8]	; (b4250 <hal_usart_init_ex+0xc>)
   b4248:	681b      	ldr	r3, [r3, #0]
   b424a:	6c1b      	ldr	r3, [r3, #64]	; 0x40
   b424c:	9301      	str	r3, [sp, #4]
   b424e:	bd08      	pop	{r3, pc}
   b4250:	0003023c 	.word	0x0003023c

000b4254 <HAL_USB_USART_Init>:
// GNINRAW

DYNALIB_BEGIN(hal_usb)

#ifdef USB_CDC_ENABLE
DYNALIB_FN(0, hal_usb, HAL_USB_USART_Init, void(HAL_USB_USART_Serial, const HAL_USB_USART_Config*))
   b4254:	b508      	push	{r3, lr}
   b4256:	4b02      	ldr	r3, [pc, #8]	; (b4260 <HAL_USB_USART_Init+0xc>)
   b4258:	681b      	ldr	r3, [r3, #0]
   b425a:	681b      	ldr	r3, [r3, #0]
   b425c:	9301      	str	r3, [sp, #4]
   b425e:	bd08      	pop	{r3, pc}
   b4260:	0003024c 	.word	0x0003024c

000b4264 <HAL_USB_USART_Begin>:
DYNALIB_FN(1, hal_usb, HAL_USB_USART_Begin, void(HAL_USB_USART_Serial, uint32_t, void *))
   b4264:	b508      	push	{r3, lr}
   b4266:	4b02      	ldr	r3, [pc, #8]	; (b4270 <HAL_USB_USART_Begin+0xc>)
   b4268:	681b      	ldr	r3, [r3, #0]
   b426a:	685b      	ldr	r3, [r3, #4]
   b426c:	9301      	str	r3, [sp, #4]
   b426e:	bd08      	pop	{r3, pc}
   b4270:	0003024c 	.word	0x0003024c

000b4274 <HAL_USB_USART_Available_Data>:
DYNALIB_FN(2, hal_usb, HAL_USB_USART_End, void(HAL_USB_USART_Serial))
DYNALIB_FN(3, hal_usb, HAL_USB_USART_Baud_Rate, unsigned int(HAL_USB_USART_Serial))
DYNALIB_FN(4, hal_usb, HAL_USB_USART_Available_Data, int32_t(HAL_USB_USART_Serial))
   b4274:	b508      	push	{r3, lr}
   b4276:	4b02      	ldr	r3, [pc, #8]	; (b4280 <HAL_USB_USART_Available_Data+0xc>)
   b4278:	681b      	ldr	r3, [r3, #0]
   b427a:	691b      	ldr	r3, [r3, #16]
   b427c:	9301      	str	r3, [sp, #4]
   b427e:	bd08      	pop	{r3, pc}
   b4280:	0003024c 	.word	0x0003024c

000b4284 <HAL_USB_USART_Available_Data_For_Write>:
DYNALIB_FN(5, hal_usb, HAL_USB_USART_Available_Data_For_Write, int32_t(HAL_USB_USART_Serial))
   b4284:	b508      	push	{r3, lr}
   b4286:	4b02      	ldr	r3, [pc, #8]	; (b4290 <HAL_USB_USART_Available_Data_For_Write+0xc>)
   b4288:	681b      	ldr	r3, [r3, #0]
   b428a:	695b      	ldr	r3, [r3, #20]
   b428c:	9301      	str	r3, [sp, #4]
   b428e:	bd08      	pop	{r3, pc}
   b4290:	0003024c 	.word	0x0003024c

000b4294 <HAL_USB_USART_Receive_Data>:
DYNALIB_FN(6, hal_usb, HAL_USB_USART_Receive_Data, int32_t(HAL_USB_USART_Serial, uint8_t))
   b4294:	b508      	push	{r3, lr}
   b4296:	4b02      	ldr	r3, [pc, #8]	; (b42a0 <HAL_USB_USART_Receive_Data+0xc>)
   b4298:	681b      	ldr	r3, [r3, #0]
   b429a:	699b      	ldr	r3, [r3, #24]
   b429c:	9301      	str	r3, [sp, #4]
   b429e:	bd08      	pop	{r3, pc}
   b42a0:	0003024c 	.word	0x0003024c

000b42a4 <HAL_USB_USART_Send_Data>:
DYNALIB_FN(7, hal_usb, HAL_USB_USART_Send_Data, int32_t(HAL_USB_USART_Serial, uint8_t))
   b42a4:	b508      	push	{r3, lr}
   b42a6:	4b02      	ldr	r3, [pc, #8]	; (b42b0 <HAL_USB_USART_Send_Data+0xc>)
   b42a8:	681b      	ldr	r3, [r3, #0]
   b42aa:	69db      	ldr	r3, [r3, #28]
   b42ac:	9301      	str	r3, [sp, #4]
   b42ae:	bd08      	pop	{r3, pc}
   b42b0:	0003024c 	.word	0x0003024c

000b42b4 <HAL_USB_USART_Flush_Data>:
DYNALIB_FN(8, hal_usb, HAL_USB_USART_Flush_Data, void(HAL_USB_USART_Serial))
   b42b4:	b508      	push	{r3, lr}
   b42b6:	4b02      	ldr	r3, [pc, #8]	; (b42c0 <HAL_USB_USART_Flush_Data+0xc>)
   b42b8:	681b      	ldr	r3, [r3, #0]
   b42ba:	6a1b      	ldr	r3, [r3, #32]
   b42bc:	9301      	str	r3, [sp, #4]
   b42be:	bd08      	pop	{r3, pc}
   b42c0:	0003024c 	.word	0x0003024c

000b42c4 <set_system_mode>:
#endif

DYNALIB_BEGIN(system)

DYNALIB_FN(0, system, system_mode, System_Mode_TypeDef(void))
DYNALIB_FN(1, system, set_system_mode, void(System_Mode_TypeDef))
   b42c4:	b508      	push	{r3, lr}
   b42c6:	4b02      	ldr	r3, [pc, #8]	; (b42d0 <set_system_mode+0xc>)
   b42c8:	681b      	ldr	r3, [r3, #0]
   b42ca:	685b      	ldr	r3, [r3, #4]
   b42cc:	9301      	str	r3, [sp, #4]
   b42ce:	bd08      	pop	{r3, pc}
   b42d0:	00030220 	.word	0x00030220

000b42d4 <system_thread_set_state>:
DYNALIB_FN(6, system, system_sleep, int(Spark_Sleep_TypeDef, long, uint32_t, void*))
DYNALIB_FN(7, system, system_sleep_pin, int(uint16_t, uint16_t, long, uint32_t, void*))
DYNALIB_FN(8, system, system_subscribe_event, int(system_event_t, system_event_handler_t*, SystemEventContext*))
DYNALIB_FN(9, system, system_unsubscribe_event, void(system_event_t, system_event_handler_t*, const SystemEventContext*))
DYNALIB_FN(10, system, system_button_pushed_duration, uint16_t(uint8_t, void*))
DYNALIB_FN(11, system, system_thread_set_state, void(spark::feature::State, void*))
   b42d4:	b508      	push	{r3, lr}
   b42d6:	4b02      	ldr	r3, [pc, #8]	; (b42e0 <system_thread_set_state+0xc>)
   b42d8:	681b      	ldr	r3, [r3, #0]
   b42da:	6adb      	ldr	r3, [r3, #44]	; 0x2c
   b42dc:	9301      	str	r3, [sp, #4]
   b42de:	bd08      	pop	{r3, pc}
   b42e0:	00030220 	.word	0x00030220

000b42e4 <system_ctrl_set_app_request_handler>:
DYNALIB_FN(BASE_IDX + 6, system, led_pattern_period, uint16_t(int, int, void*))
DYNALIB_FN(BASE_IDX + 7, system, system_set_tester_handlers, int(system_tester_handlers_t*, void*))
DYNALIB_FN(BASE_IDX + 8, system, system_format_diag_data, int(const uint16_t*, size_t, unsigned, appender_fn, void*, void*))

// Control requests
DYNALIB_FN(BASE_IDX + 9, system, system_ctrl_set_app_request_handler, int(ctrl_request_handler_fn, void*))
   b42e4:	b508      	push	{r3, lr}
   b42e6:	4b03      	ldr	r3, [pc, #12]	; (b42f4 <system_ctrl_set_app_request_handler+0x10>)
   b42e8:	681b      	ldr	r3, [r3, #0]
   b42ea:	f8d3 3088 	ldr.w	r3, [r3, #136]	; 0x88
   b42ee:	9301      	str	r3, [sp, #4]
   b42f0:	bd08      	pop	{r3, pc}
   b42f2:	0000      	.short	0x0000
   b42f4:	00030220 	.word	0x00030220

000b42f8 <system_ctrl_set_result>:
DYNALIB_FN(BASE_IDX + 10, system, system_ctrl_alloc_reply_data, int(ctrl_request*, size_t, void*))
DYNALIB_FN(BASE_IDX + 11, system, system_ctrl_free_request_data, void(ctrl_request*, void*))
DYNALIB_FN(BASE_IDX + 12, system, system_ctrl_set_result, void(ctrl_request*, int, ctrl_completion_handler_fn, void*, void*))
   b42f8:	b508      	push	{r3, lr}
   b42fa:	4b03      	ldr	r3, [pc, #12]	; (b4308 <system_ctrl_set_result+0x10>)
   b42fc:	681b      	ldr	r3, [r3, #0]
   b42fe:	f8d3 3094 	ldr.w	r3, [r3, #148]	; 0x94
   b4302:	9301      	str	r3, [sp, #4]
   b4304:	bd08      	pop	{r3, pc}
   b4306:	0000      	.short	0x0000
   b4308:	00030220 	.word	0x00030220

000b430c <network_connect>:
#endif

DYNALIB_BEGIN(system_net)

DYNALIB_FN(0, system_net, network_config, const void*(network_handle_t, uint32_t, void*))
DYNALIB_FN(1, system_net, network_connect, void(network_handle_t, uint32_t, uint32_t, void*))
   b430c:	b508      	push	{r3, lr}
   b430e:	4b02      	ldr	r3, [pc, #8]	; (b4318 <network_connect+0xc>)
   b4310:	681b      	ldr	r3, [r3, #0]
   b4312:	685b      	ldr	r3, [r3, #4]
   b4314:	9301      	str	r3, [sp, #4]
   b4316:	bd08      	pop	{r3, pc}
   b4318:	00030240 	.word	0x00030240

000b431c <network_connecting>:
DYNALIB_FN(2, system_net, network_connecting, bool(network_handle_t, uint32_t, void*))
   b431c:	b508      	push	{r3, lr}
   b431e:	4b02      	ldr	r3, [pc, #8]	; (b4328 <network_connecting+0xc>)
   b4320:	681b      	ldr	r3, [r3, #0]
   b4322:	689b      	ldr	r3, [r3, #8]
   b4324:	9301      	str	r3, [sp, #4]
   b4326:	bd08      	pop	{r3, pc}
   b4328:	00030240 	.word	0x00030240

000b432c <network_disconnect>:
DYNALIB_FN(3, system_net, network_disconnect, void(network_handle_t, uint32_t, void*))
   b432c:	b508      	push	{r3, lr}
   b432e:	4b02      	ldr	r3, [pc, #8]	; (b4338 <network_disconnect+0xc>)
   b4330:	681b      	ldr	r3, [r3, #0]
   b4332:	68db      	ldr	r3, [r3, #12]
   b4334:	9301      	str	r3, [sp, #4]
   b4336:	bd08      	pop	{r3, pc}
   b4338:	00030240 	.word	0x00030240

000b433c <network_ready>:
DYNALIB_FN(4, system_net, network_ready, bool(network_handle_t, uint32_t, void*))
   b433c:	b508      	push	{r3, lr}
   b433e:	4b02      	ldr	r3, [pc, #8]	; (b4348 <network_ready+0xc>)
   b4340:	681b      	ldr	r3, [r3, #0]
   b4342:	691b      	ldr	r3, [r3, #16]
   b4344:	9301      	str	r3, [sp, #4]
   b4346:	bd08      	pop	{r3, pc}
   b4348:	00030240 	.word	0x00030240

000b434c <network_on>:
DYNALIB_FN(5, system_net, network_on, void(network_handle_t, uint32_t, uint32_t, void*))
   b434c:	b508      	push	{r3, lr}
   b434e:	4b02      	ldr	r3, [pc, #8]	; (b4358 <network_on+0xc>)
   b4350:	681b      	ldr	r3, [r3, #0]
   b4352:	695b      	ldr	r3, [r3, #20]
   b4354:	9301      	str	r3, [sp, #4]
   b4356:	bd08      	pop	{r3, pc}
   b4358:	00030240 	.word	0x00030240

000b435c <network_off>:
DYNALIB_FN(6, system_net, network_off, void(network_handle_t, uint32_t, uint32_t, void*))
   b435c:	b508      	push	{r3, lr}
   b435e:	4b02      	ldr	r3, [pc, #8]	; (b4368 <network_off+0xc>)
   b4360:	681b      	ldr	r3, [r3, #0]
   b4362:	699b      	ldr	r3, [r3, #24]
   b4364:	9301      	str	r3, [sp, #4]
   b4366:	bd08      	pop	{r3, pc}
   b4368:	00030240 	.word	0x00030240

000b436c <network_listen>:
DYNALIB_FN(7, system_net, network_listen, void(network_handle_t, uint32_t, void*))
   b436c:	b508      	push	{r3, lr}
   b436e:	4b02      	ldr	r3, [pc, #8]	; (b4378 <network_listen+0xc>)
   b4370:	681b      	ldr	r3, [r3, #0]
   b4372:	69db      	ldr	r3, [r3, #28]
   b4374:	9301      	str	r3, [sp, #4]
   b4376:	bd08      	pop	{r3, pc}
   b4378:	00030240 	.word	0x00030240

000b437c <network_listening>:
DYNALIB_FN(8, system_net, network_listening, bool(network_handle_t, uint32_t, void*))
   b437c:	b508      	push	{r3, lr}
   b437e:	4b02      	ldr	r3, [pc, #8]	; (b4388 <network_listening+0xc>)
   b4380:	681b      	ldr	r3, [r3, #0]
   b4382:	6a1b      	ldr	r3, [r3, #32]
   b4384:	9301      	str	r3, [sp, #4]
   b4386:	bd08      	pop	{r3, pc}
   b4388:	00030240 	.word	0x00030240

000b438c <network_set_listen_timeout>:
DYNALIB_FN(9, system_net, network_has_credentials, bool(network_handle_t, uint32_t, void*))
DYNALIB_FN(10, system_net, network_set_credentials, int(network_handle_t, uint32_t, NetworkCredentials*, void*))
DYNALIB_FN(11, system_net, network_clear_credentials, bool(network_handle_t, uint32_t, NetworkCredentials*, void*))
DYNALIB_FN(12, system_net, network_set_listen_timeout, void(network_handle_t, uint16_t, void*))
   b438c:	b508      	push	{r3, lr}
   b438e:	4b02      	ldr	r3, [pc, #8]	; (b4398 <network_set_listen_timeout+0xc>)
   b4390:	681b      	ldr	r3, [r3, #0]
   b4392:	6b1b      	ldr	r3, [r3, #48]	; 0x30
   b4394:	9301      	str	r3, [sp, #4]
   b4396:	bd08      	pop	{r3, pc}
   b4398:	00030240 	.word	0x00030240

000b439c <network_get_listen_timeout>:
DYNALIB_FN(13, system_net, network_get_listen_timeout, uint16_t(network_handle_t, uint32_t, void*))
   b439c:	b508      	push	{r3, lr}
   b439e:	4b02      	ldr	r3, [pc, #8]	; (b43a8 <network_get_listen_timeout+0xc>)
   b43a0:	681b      	ldr	r3, [r3, #0]
   b43a2:	6b5b      	ldr	r3, [r3, #52]	; 0x34
   b43a4:	9301      	str	r3, [sp, #4]
   b43a6:	bd08      	pop	{r3, pc}
   b43a8:	00030240 	.word	0x00030240

000b43ac <network_is_on>:
DYNALIB_FN(14, system_net, network_set_hostname, int(network_handle_t, uint32_t, const char*, void*))
DYNALIB_FN(15, system_net, network_get_hostname, int(network_handle_t, uint32_t, char*, size_t, void*))
DYNALIB_FN(16, system_net, network_is_on, bool(network_handle_t, void*))
   b43ac:	b508      	push	{r3, lr}
   b43ae:	4b02      	ldr	r3, [pc, #8]	; (b43b8 <network_is_on+0xc>)
   b43b0:	681b      	ldr	r3, [r3, #0]
   b43b2:	6c1b      	ldr	r3, [r3, #64]	; 0x40
   b43b4:	9301      	str	r3, [sp, #4]
   b43b6:	bd08      	pop	{r3, pc}
   b43b8:	00030240 	.word	0x00030240

000b43bc <network_is_off>:
DYNALIB_FN(17, system_net, network_is_off, bool(network_handle_t, void*))
   b43bc:	b508      	push	{r3, lr}
   b43be:	4b02      	ldr	r3, [pc, #8]	; (b43c8 <network_is_off+0xc>)
   b43c0:	681b      	ldr	r3, [r3, #0]
   b43c2:	6c5b      	ldr	r3, [r3, #68]	; 0x44
   b43c4:	9301      	str	r3, [sp, #4]
   b43c6:	bd08      	pop	{r3, pc}
   b43c8:	00030240 	.word	0x00030240

000b43cc <spark_set_random_seed_from_cloud_handler>:
DYNALIB_FN(10, system_cloud, spark_unsubscribe, void(void*))
DYNALIB_FN(11, system_cloud, spark_sync_time, bool(void*))
DYNALIB_FN(12, system_cloud, spark_sync_time_pending, bool(void*))
DYNALIB_FN(13, system_cloud, spark_sync_time_last, system_tick_t(time32_t*, time_t*))
DYNALIB_FN(14, system_cloud, spark_set_connection_property, int(unsigned, unsigned, const void*, void*))
DYNALIB_FN(15, system_cloud, spark_set_random_seed_from_cloud_handler, int(void (*handler)(unsigned int), void*))
   b43cc:	b508      	push	{r3, lr}
   b43ce:	4b02      	ldr	r3, [pc, #8]	; (b43d8 <spark_set_random_seed_from_cloud_handler+0xc>)
   b43d0:	681b      	ldr	r3, [r3, #0]
   b43d2:	6bdb      	ldr	r3, [r3, #60]	; 0x3c
   b43d4:	9301      	str	r3, [sp, #4]
   b43d6:	bd08      	pop	{r3, pc}
   b43d8:	00030244 	.word	0x00030244

000b43dc <malloc>:
#include "hal_platform.h"
#endif // defined(DYNALIB_EXPORT) || (defined(DYNALIB_IMPORT) && !defined(RT_DYNALIB_NO_DEPENDENCY_BREAKING_IMPORTS))

DYNALIB_BEGIN(rt)

DYNALIB_FN(0, rt, malloc, void*(size_t))
   b43dc:	b508      	push	{r3, lr}
   b43de:	4b02      	ldr	r3, [pc, #8]	; (b43e8 <malloc+0xc>)
   b43e0:	681b      	ldr	r3, [r3, #0]
   b43e2:	681b      	ldr	r3, [r3, #0]
   b43e4:	9301      	str	r3, [sp, #4]
   b43e6:	bd08      	pop	{r3, pc}
   b43e8:	0003021c 	.word	0x0003021c

000b43ec <free>:
DYNALIB_FN(1, rt, free, void(void*))
   b43ec:	b508      	push	{r3, lr}
   b43ee:	4b02      	ldr	r3, [pc, #8]	; (b43f8 <free+0xc>)
   b43f0:	681b      	ldr	r3, [r3, #0]
   b43f2:	685b      	ldr	r3, [r3, #4]
   b43f4:	9301      	str	r3, [sp, #4]
   b43f6:	bd08      	pop	{r3, pc}
   b43f8:	0003021c 	.word	0x0003021c

000b43fc <__assert_func>:
DYNALIB_FN(13, rt, _free_r, void(struct _reent*, void*))
DYNALIB_FN(14, rt, _realloc_r, void*(struct _reent*, void*, size_t))
DYNALIB_FN(15, rt, __errno, int*())

#if defined(DYNALIB_EXPORT) || (defined(DYNALIB_IMPORT) && !defined(RT_DYNALIB_NO_DEPENDENCY_BREAKING_IMPORTS))
DYNALIB_FN(16, rt, __assert_func, void(const char*, int, const char*, const char*))
   b43fc:	b508      	push	{r3, lr}
   b43fe:	4b02      	ldr	r3, [pc, #8]	; (b4408 <__assert_func+0xc>)
   b4400:	681b      	ldr	r3, [r3, #0]
   b4402:	6c1b      	ldr	r3, [r3, #64]	; 0x40
   b4404:	9301      	str	r3, [sp, #4]
   b4406:	bd08      	pop	{r3, pc}
   b4408:	0003021c 	.word	0x0003021c

000b440c <newlib_impure_ptr_callback>:
DYNALIB_FN(17, rt, newlib_impure_ptr_callback, void(void (*)(struct _reent*, size_t, uint32_t, void*), void*))
   b440c:	b508      	push	{r3, lr}
   b440e:	4b02      	ldr	r3, [pc, #8]	; (b4418 <newlib_impure_ptr_callback+0xc>)
   b4410:	681b      	ldr	r3, [r3, #0]
   b4412:	6c5b      	ldr	r3, [r3, #68]	; 0x44
   b4414:	9301      	str	r3, [sp, #4]
   b4416:	bd08      	pop	{r3, pc}
   b4418:	0003021c 	.word	0x0003021c

000b441c <_ZN5spark13EthernetClass9listeningEv>:
    uint16_t getListenTimeout(void) {
        return network_get_listen_timeout(*this, 0, NULL);
    }

    bool listening(void) {
        return network_listening(*this, 0, NULL);
   b441c:	2200      	movs	r2, #0
   b441e:	6840      	ldr	r0, [r0, #4]
   b4420:	4611      	mov	r1, r2
   b4422:	f7ff bfab 	b.w	b437c <network_listening>

000b4426 <_ZN5spark13EthernetClass16getListenTimeoutEv>:
        return network_get_listen_timeout(*this, 0, NULL);
   b4426:	2200      	movs	r2, #0
   b4428:	6840      	ldr	r0, [r0, #4]
   b442a:	4611      	mov	r1, r2
   b442c:	f7ff bfb6 	b.w	b439c <network_get_listen_timeout>

000b4430 <_ZN5spark13EthernetClass16setListenTimeoutEt>:
        network_set_listen_timeout(*this, timeout, NULL);
   b4430:	6840      	ldr	r0, [r0, #4]
   b4432:	2200      	movs	r2, #0
   b4434:	f7ff bfaa 	b.w	b438c <network_set_listen_timeout>

000b4438 <_ZN5spark13EthernetClass6listenEb>:
        network_listen(*this, begin ? 0 : 1, NULL);
   b4438:	6840      	ldr	r0, [r0, #4]
   b443a:	2200      	movs	r2, #0
   b443c:	f081 0101 	eor.w	r1, r1, #1
   b4440:	f7ff bf94 	b.w	b436c <network_listen>

000b4444 <_ZN5spark13EthernetClass3offEv>:
        network_off(*this, 0, 0, NULL);
   b4444:	2300      	movs	r3, #0
   b4446:	6840      	ldr	r0, [r0, #4]
   b4448:	461a      	mov	r2, r3
   b444a:	4619      	mov	r1, r3
   b444c:	f7ff bf86 	b.w	b435c <network_off>

000b4450 <_ZN5spark13EthernetClass2onEv>:
        network_on(*this, 0, 0, NULL);
   b4450:	2300      	movs	r3, #0
   b4452:	6840      	ldr	r0, [r0, #4]
   b4454:	461a      	mov	r2, r3
   b4456:	4619      	mov	r1, r3
   b4458:	f7ff bf78 	b.w	b434c <network_on>

000b445c <_ZN5spark13EthernetClass5readyEv>:
    }

    bool ready() {
        return network_ready(*this, 0,  NULL);
   b445c:	2200      	movs	r2, #0
   b445e:	6840      	ldr	r0, [r0, #4]
   b4460:	4611      	mov	r1, r2
   b4462:	f7ff bf6b 	b.w	b433c <network_ready>

000b4466 <_ZN5spark13EthernetClass10connectingEv>:
        return network_connecting(*this, 0, NULL);
   b4466:	2200      	movs	r2, #0
   b4468:	6840      	ldr	r0, [r0, #4]
   b446a:	4611      	mov	r1, r2
   b446c:	f7ff bf56 	b.w	b431c <network_connecting>

000b4470 <_ZN5spark13EthernetClass10disconnectEv>:
        network_disconnect(*this, NETWORK_DISCONNECT_REASON_USER, NULL);
   b4470:	6840      	ldr	r0, [r0, #4]
   b4472:	2200      	movs	r2, #0
   b4474:	2102      	movs	r1, #2
   b4476:	f7ff bf59 	b.w	b432c <network_disconnect>

000b447a <_ZN5spark13EthernetClass7connectEj>:
        network_connect(*this, flags, 0, NULL);
   b447a:	2300      	movs	r3, #0
   b447c:	6840      	ldr	r0, [r0, #4]
   b447e:	461a      	mov	r2, r3
   b4480:	f7ff bf44 	b.w	b430c <network_connect>

000b4484 <_GLOBAL__sub_I__ZN5spark8EthernetE>:
    static NetworkClass& from(network_interface_t nif);

    virtual IPAddress resolve(const char* name);

    explicit NetworkClass(network_interface_t iface)
            : iface_(iface) {
   b4484:	4b02      	ldr	r3, [pc, #8]	; (b4490 <_GLOBAL__sub_I__ZN5spark8EthernetE+0xc>)
   b4486:	2203      	movs	r2, #3
   b4488:	605a      	str	r2, [r3, #4]
            NetworkClass(NETWORK_INTERFACE_ETHERNET) {
   b448a:	4a02      	ldr	r2, [pc, #8]	; (b4494 <_GLOBAL__sub_I__ZN5spark8EthernetE+0x10>)
   b448c:	601a      	str	r2, [r3, #0]

namespace spark {

EthernetClass Ethernet;

} // spark
   b448e:	4770      	bx	lr
   b4490:	2003e6dc 	.word	0x2003e6dc
   b4494:	000b4dac 	.word	0x000b4dac

000b4498 <_GLOBAL__sub_I_System>:
} // namespace particle

// particle::Flag<TagT, ValueT>
template<typename TagT, typename ValueT>
inline particle::Flag<TagT, ValueT>::Flag(ValueT val) :
        val_(val) {
   b4498:	4b05      	ldr	r3, [pc, #20]	; (b44b0 <_GLOBAL__sub_I_System+0x18>)
   b449a:	2202      	movs	r2, #2
   b449c:	601a      	str	r2, [r3, #0]

class SystemSleepResult {
public:
    SystemSleepResult()
            : wakeupSource_(nullptr),
              error_(SYSTEM_ERROR_NONE) {
   b449e:	4b05      	ldr	r3, [pc, #20]	; (b44b4 <_GLOBAL__sub_I_System+0x1c>)
    SleepResult() {}
   b44a0:	4a05      	ldr	r2, [pc, #20]	; (b44b8 <_GLOBAL__sub_I_System+0x20>)
   b44a2:	609a      	str	r2, [r3, #8]
              error_(SYSTEM_ERROR_NONE) {
   b44a4:	2000      	movs	r0, #0
   b44a6:	e9c3 0000 	strd	r0, r0, [r3]

class SystemClass {
public:

    SystemClass(System_Mode_TypeDef mode = DEFAULT) {
        set_system_mode(mode);
   b44aa:	f7ff bf0b 	b.w	b42c4 <set_system_mode>
   b44ae:	bf00      	nop
   b44b0:	2003e6f0 	.word	0x2003e6f0
   b44b4:	2003e6e4 	.word	0x2003e6e4
   b44b8:	ffff0000 	.word	0xffff0000

000b44bc <_GLOBAL__sub_I__ZN8particle3ble13WiringBleLock6mutex_E>:
    /**
     * Creates a shared mutex.
     */
    RecursiveMutex(os_mutex_recursive_t handle) : handle_(handle) {}

    RecursiveMutex() : handle_(nullptr)
   b44bc:	4802      	ldr	r0, [pc, #8]	; (b44c8 <_GLOBAL__sub_I__ZN8particle3ble13WiringBleLock6mutex_E+0xc>)
   b44be:	2300      	movs	r3, #0
   b44c0:	6003      	str	r3, [r0, #0]
    {
        os_mutex_recursive_create(&handle_);
   b44c2:	f7ff be77 	b.w	b41b4 <os_mutex_recursive_create>
   b44c6:	bf00      	nop
   b44c8:	2003e6f4 	.word	0x2003e6f4

000b44cc <_ZN5Print5writeEPKhj>:

// Public Methods //////////////////////////////////////////////////////////////

/* default implementation: may be overridden */
size_t Print::write(const uint8_t *buffer, size_t size)
{
   b44cc:	b5f8      	push	{r3, r4, r5, r6, r7, lr}
   b44ce:	4606      	mov	r6, r0
   b44d0:	460d      	mov	r5, r1
  size_t n = 0;
   b44d2:	188f      	adds	r7, r1, r2
   b44d4:	2400      	movs	r4, #0
  while (size--) {
   b44d6:	42bd      	cmp	r5, r7
   b44d8:	d00c      	beq.n	b44f4 <_ZN5Print5writeEPKhj+0x28>
     int chunk = write(*buffer++);
   b44da:	6833      	ldr	r3, [r6, #0]
   b44dc:	f815 1b01 	ldrb.w	r1, [r5], #1
   b44e0:	689b      	ldr	r3, [r3, #8]
   b44e2:	4630      	mov	r0, r6
   b44e4:	4798      	blx	r3
     if (chunk>=0)
   b44e6:	1e03      	subs	r3, r0, #0
   b44e8:	db01      	blt.n	b44ee <_ZN5Print5writeEPKhj+0x22>
         n += chunk;
   b44ea:	441c      	add	r4, r3
  while (size--) {
   b44ec:	e7f3      	b.n	b44d6 <_ZN5Print5writeEPKhj+0xa>
     int chunk = write(*buffer++);
   b44ee:	2c00      	cmp	r4, #0
   b44f0:	bf08      	it	eq
   b44f2:	461c      	moveq	r4, r3
             n = chunk;
         break;
     }
  }
  return n;
}
   b44f4:	4620      	mov	r0, r4
   b44f6:	bdf8      	pop	{r3, r4, r5, r6, r7, pc}

000b44f8 <_ZN5Print5writeEPKc>:

    int getWriteError() { return write_error; }
    void clearWriteError() { setWriteError(0); }

    virtual size_t write(uint8_t) = 0;
    size_t write(const char *str) {
   b44f8:	b513      	push	{r0, r1, r4, lr}
   b44fa:	4604      	mov	r4, r0
      if (str == NULL) return 0;
      return write((const uint8_t *)str, strlen(str));
    }
   b44fc:	4608      	mov	r0, r1
      if (str == NULL) return 0;
   b44fe:	b159      	cbz	r1, b4518 <_ZN5Print5writeEPKc+0x20>
      return write((const uint8_t *)str, strlen(str));
   b4500:	9101      	str	r1, [sp, #4]
   b4502:	f7ff fd8b 	bl	b401c <strlen>
   b4506:	6823      	ldr	r3, [r4, #0]
   b4508:	9901      	ldr	r1, [sp, #4]
   b450a:	68db      	ldr	r3, [r3, #12]
   b450c:	4602      	mov	r2, r0
   b450e:	4620      	mov	r0, r4
    }
   b4510:	b002      	add	sp, #8
   b4512:	e8bd 4010 	ldmia.w	sp!, {r4, lr}
      return write((const uint8_t *)str, strlen(str));
   b4516:	4718      	bx	r3
    }
   b4518:	b002      	add	sp, #8
   b451a:	bd10      	pop	{r4, pc}

000b451c <_ZN5Print5printEc>:
  return write(str);
}

size_t Print::print(char c)
{
  return write(c);
   b451c:	6803      	ldr	r3, [r0, #0]
   b451e:	689b      	ldr	r3, [r3, #8]
   b4520:	4718      	bx	r3

000b4522 <_ZN5Print7printlnEv>:
{
  return print(reinterpret_cast<const char*>(str));
}

size_t Print::println(void)
{
   b4522:	b538      	push	{r3, r4, r5, lr}
  size_t n = print('\r');
   b4524:	210d      	movs	r1, #13
{
   b4526:	4605      	mov	r5, r0
  size_t n = print('\r');
   b4528:	f7ff fff8 	bl	b451c <_ZN5Print5printEc>
  n += print('\n');
   b452c:	210a      	movs	r1, #10
  size_t n = print('\r');
   b452e:	4604      	mov	r4, r0
  n += print('\n');
   b4530:	4628      	mov	r0, r5
   b4532:	f7ff fff3 	bl	b451c <_ZN5Print5printEc>
  return n;
}
   b4536:	4420      	add	r0, r4
   b4538:	bd38      	pop	{r3, r4, r5, pc}

000b453a <_ZN5Print7printlnEPKc>:

size_t Print::println(const char c[])
{
   b453a:	b538      	push	{r3, r4, r5, lr}
   b453c:	4605      	mov	r5, r0
  return write(str);
   b453e:	f7ff ffdb 	bl	b44f8 <_ZN5Print5writeEPKc>
   b4542:	4604      	mov	r4, r0
  size_t n = print(c);
  n += println();
   b4544:	4628      	mov	r0, r5
   b4546:	f7ff ffec 	bl	b4522 <_ZN5Print7printlnEv>
  return n;
}
   b454a:	4420      	add	r0, r4
   b454c:	bd38      	pop	{r3, r4, r5, pc}

000b454e <_ZN5Print11printNumberEmh>:
  return println(reinterpret_cast<const char*>(str));
}

// Private Methods /////////////////////////////////////////////////////////////

size_t Print::printNumber(unsigned long n, uint8_t base) {
   b454e:	b530      	push	{r4, r5, lr}
   b4550:	b08b      	sub	sp, #44	; 0x2c
  char buf[8 * sizeof(n) + 1]; // Assumes 8-bit chars plus zero byte.
  char *str = &buf[sizeof(buf) - 1];

  *str = '\0';
   b4552:	2300      	movs	r3, #0

  // prevent crash if called with base == 1
  if (base < 2) base = 10;
   b4554:	2a01      	cmp	r2, #1
  *str = '\0';
   b4556:	f88d 3024 	strb.w	r3, [sp, #36]	; 0x24
  if (base < 2) base = 10;
   b455a:	bf98      	it	ls
   b455c:	220a      	movls	r2, #10
   b455e:	ac09      	add	r4, sp, #36	; 0x24

  do {
   decltype(n) m = n;
   n /= base;
   b4560:	460d      	mov	r5, r1
   b4562:	fbb1 f1f2 	udiv	r1, r1, r2
   char c = m - base * n;
   b4566:	fb01 5312 	mls	r3, r1, r2, r5
   b456a:	f003 03ff 	and.w	r3, r3, #255	; 0xff
   *--str = c < 10 ? c + '0' : c + 'A' - 10;
   b456e:	2b09      	cmp	r3, #9
   b4570:	bf94      	ite	ls
   b4572:	3330      	addls	r3, #48	; 0x30
   b4574:	3337      	addhi	r3, #55	; 0x37
   b4576:	b2db      	uxtb	r3, r3
  } while(n);
   b4578:	42aa      	cmp	r2, r5
   *--str = c < 10 ? c + '0' : c + 'A' - 10;
   b457a:	f804 3d01 	strb.w	r3, [r4, #-1]!
  } while(n);
   b457e:	d9ef      	bls.n	b4560 <_ZN5Print11printNumberEmh+0x12>

  return write(str);
   b4580:	4621      	mov	r1, r4
   b4582:	f7ff ffb9 	bl	b44f8 <_ZN5Print5writeEPKc>
}
   b4586:	b00b      	add	sp, #44	; 0x2c
   b4588:	bd30      	pop	{r4, r5, pc}
	...

000b458c <_GLOBAL__sub_I__ZN5spark3LogE>:
    // This handler doesn't support direct logging
}

// spark::Logger
inline spark::Logger::Logger(const char *name) :
        name_(name) {
   b458c:	4b01      	ldr	r3, [pc, #4]	; (b4594 <_GLOBAL__sub_I__ZN5spark3LogE+0x8>)
   b458e:	4a02      	ldr	r2, [pc, #8]	; (b4598 <_GLOBAL__sub_I__ZN5spark3LogE+0xc>)
   b4590:	601a      	str	r2, [r3, #0]
#if Wiring_LogConfig

// spark::
void spark::logProcessControlRequest(ctrl_request* req) {
    JSONRequestHandler::process(req);
}
   b4592:	4770      	bx	lr
   b4594:	2003e6f8 	.word	0x2003e6f8
   b4598:	000b4de0 	.word	0x000b4de0

000b459c <_GLOBAL__sub_I_TIME_FORMAT_DEFAULT>:
            calendar_time_cache = Convert_UnixTime_To_CalendarTime(unix_time);
            unix_time_cache = unix_time;
    }
}

const char* TimeClass::format_spec = TIME_FORMAT_DEFAULT;
   b459c:	4b02      	ldr	r3, [pc, #8]	; (b45a8 <_GLOBAL__sub_I_TIME_FORMAT_DEFAULT+0xc>)
   b459e:	681a      	ldr	r2, [r3, #0]
   b45a0:	4b02      	ldr	r3, [pc, #8]	; (b45ac <_GLOBAL__sub_I_TIME_FORMAT_DEFAULT+0x10>)
   b45a2:	601a      	str	r2, [r3, #0]
{
  return isValid();
}


TimeClass Time;
   b45a4:	4770      	bx	lr
   b45a6:	bf00      	nop
   b45a8:	2003e660 	.word	0x2003e660
   b45ac:	2003e6fc 	.word	0x2003e6fc

000b45b0 <_GLOBAL__sub_I_RGB>:
	static void
	_M_init_functor(_Any_data& __functor, _Functor&& __f, false_type)
	{ __functor._M_access<_Functor*>() = new _Functor(std::move(__f)); }
      };

    _Function_base() : _M_manager(nullptr) { }
   b45b0:	4b01      	ldr	r3, [pc, #4]	; (b45b8 <_GLOBAL__sub_I_RGB+0x8>)
   b45b2:	2200      	movs	r2, #0
   b45b4:	609a      	str	r2, [r3, #8]
{
    RGBClass* const d = static_cast<RGBClass*>(data);
    if (d->changeHandler_) {
        d->changeHandler_(r, g, b);
    }
}
   b45b6:	4770      	bx	lr
   b45b8:	2003e700 	.word	0x2003e700

000b45bc <_ZZ21module_user_init_hookENUlP6_reentjmPvE_4_FUNES0_jmS1_>:

void module_user_init_hook()
{
#if HAL_PLATFORM_NEWLIB
    newlib_impure_ptr_callback([](struct _reent* r, size_t size, uint32_t version, void* ctx) -> void {
        _impure_ptr = r;
   b45bc:	4b01      	ldr	r3, [pc, #4]	; (b45c4 <_ZZ21module_user_init_hookENUlP6_reentjmPvE_4_FUNES0_jmS1_+0x8>)
   b45be:	6018      	str	r0, [r3, #0]
    }, nullptr);
   b45c0:	4770      	bx	lr
   b45c2:	bf00      	nop
   b45c4:	2003e664 	.word	0x2003e664

000b45c8 <serialEventRun>:
{
   b45c8:	b508      	push	{r3, lr}
    if (serialEvent && Serial.available()>0)
   b45ca:	4b0b      	ldr	r3, [pc, #44]	; (b45f8 <serialEventRun+0x30>)
   b45cc:	b143      	cbz	r3, b45e0 <serialEventRun+0x18>
   b45ce:	f000 f967 	bl	b48a0 <_Z16_fetch_usbserialv>
   b45d2:	6803      	ldr	r3, [r0, #0]
   b45d4:	691b      	ldr	r3, [r3, #16]
   b45d6:	4798      	blx	r3
   b45d8:	2800      	cmp	r0, #0
   b45da:	dd01      	ble.n	b45e0 <serialEventRun+0x18>
        serialEvent();
   b45dc:	f3af 8000 	nop.w
    if (serialEvent1 && Serial1.available()>0)
   b45e0:	4b06      	ldr	r3, [pc, #24]	; (b45fc <serialEventRun+0x34>)
   b45e2:	b143      	cbz	r3, b45f6 <serialEventRun+0x2e>
   b45e4:	f000 fae8 	bl	b4bb8 <_Z22__fetch_global_Serial1v>
   b45e8:	6803      	ldr	r3, [r0, #0]
   b45ea:	691b      	ldr	r3, [r3, #16]
   b45ec:	4798      	blx	r3
   b45ee:	2800      	cmp	r0, #0
   b45f0:	dd01      	ble.n	b45f6 <serialEventRun+0x2e>
        serialEvent1();
   b45f2:	f3af 8000 	nop.w
}
   b45f6:	bd08      	pop	{r3, pc}
	...

000b4600 <_post_loop>:
{
   b4600:	b508      	push	{r3, lr}
	serialEventRun();
   b4602:	f7ff ffe1 	bl	b45c8 <serialEventRun>
		return !thread || !thread->isRunning();
	}

	static inline system_tick_t current_time()
	{
		return HAL_Timer_Get_Milli_Seconds();
   b4606:	f7ff fdcd 	bl	b41a4 <HAL_Timer_Get_Milli_Seconds>
	/**
	 * Lifesign that the application is still working normally.
	 */
	static void checkin()
	{
		last_checkin = current_time();
   b460a:	4b01      	ldr	r3, [pc, #4]	; (b4610 <_post_loop+0x10>)
   b460c:	6018      	str	r0, [r3, #0]
}
   b460e:	bd08      	pop	{r3, pc}
   b4610:	2003e758 	.word	0x2003e758

000b4614 <_Z33system_initialize_user_backup_ramv>:
    memcpy(&link_global_retained_start, &link_global_retained_initial_values, len);
   b4614:	4805      	ldr	r0, [pc, #20]	; (b462c <_Z33system_initialize_user_backup_ramv+0x18>)
   b4616:	4a06      	ldr	r2, [pc, #24]	; (b4630 <_Z33system_initialize_user_backup_ramv+0x1c>)
   b4618:	4906      	ldr	r1, [pc, #24]	; (b4634 <_Z33system_initialize_user_backup_ramv+0x20>)
{
   b461a:	b508      	push	{r3, lr}
    memcpy(&link_global_retained_start, &link_global_retained_initial_values, len);
   b461c:	1a12      	subs	r2, r2, r0
   b461e:	f000 faf7 	bl	b4c10 <memcpy>
    __backup_sram_signature = signature;
   b4622:	4b05      	ldr	r3, [pc, #20]	; (b4638 <_Z33system_initialize_user_backup_ramv+0x24>)
   b4624:	4a05      	ldr	r2, [pc, #20]	; (b463c <_Z33system_initialize_user_backup_ramv+0x28>)
   b4626:	601a      	str	r2, [r3, #0]
}
   b4628:	bd08      	pop	{r3, pc}
   b462a:	bf00      	nop
   b462c:	2003f400 	.word	0x2003f400
   b4630:	2003f404 	.word	0x2003f404
   b4634:	000b5038 	.word	0x000b5038
   b4638:	2003f400 	.word	0x2003f400
   b463c:	9a271c1e 	.word	0x9a271c1e

000b4640 <_Z27ctrl_request_custom_handlerP12ctrl_request>:
void __attribute((weak)) ctrl_request_custom_handler(ctrl_request* req) {
   b4640:	b507      	push	{r0, r1, r2, lr}
    system_ctrl_set_result(req, SYSTEM_ERROR_NOT_SUPPORTED, nullptr, nullptr, nullptr);
   b4642:	2300      	movs	r3, #0
   b4644:	9300      	str	r3, [sp, #0]
   b4646:	461a      	mov	r2, r3
   b4648:	f06f 0177 	mvn.w	r1, #119	; 0x77
   b464c:	f7ff fe54 	bl	b42f8 <system_ctrl_set_result>
}
   b4650:	b003      	add	sp, #12
   b4652:	f85d fb04 	ldr.w	pc, [sp], #4
	...

000b4658 <_ZL20ctrl_request_handlerP12ctrl_request>:
static void ctrl_request_handler(ctrl_request* req) {
   b4658:	b507      	push	{r0, r1, r2, lr}
    switch (req->type) {
   b465a:	8843      	ldrh	r3, [r0, #2]
   b465c:	2b0a      	cmp	r3, #10
   b465e:	d008      	beq.n	b4672 <_ZL20ctrl_request_handlerP12ctrl_request+0x1a>
   b4660:	2b50      	cmp	r3, #80	; 0x50
   b4662:	d10b      	bne.n	b467c <_ZL20ctrl_request_handlerP12ctrl_request+0x24>
        if (log_process_ctrl_request_callback) {
   b4664:	4b09      	ldr	r3, [pc, #36]	; (b468c <_ZL20ctrl_request_handlerP12ctrl_request+0x34>)
   b4666:	681b      	ldr	r3, [r3, #0]
   b4668:	b14b      	cbz	r3, b467e <_ZL20ctrl_request_handlerP12ctrl_request+0x26>
}
   b466a:	b003      	add	sp, #12
   b466c:	f85d eb04 	ldr.w	lr, [sp], #4
            log_process_ctrl_request_callback(req);
   b4670:	4718      	bx	r3
        ctrl_request_custom_handler(req);
   b4672:	f7ff ffe5 	bl	b4640 <_Z27ctrl_request_custom_handlerP12ctrl_request>
}
   b4676:	b003      	add	sp, #12
   b4678:	f85d fb04 	ldr.w	pc, [sp], #4
        system_ctrl_set_result(req, SYSTEM_ERROR_NOT_SUPPORTED, nullptr, nullptr, nullptr);
   b467c:	2300      	movs	r3, #0
   b467e:	9300      	str	r3, [sp, #0]
   b4680:	461a      	mov	r2, r3
   b4682:	f06f 0177 	mvn.w	r1, #119	; 0x77
   b4686:	f7ff fe37 	bl	b42f8 <system_ctrl_set_result>
}
   b468a:	e7f4      	b.n	b4676 <_ZL20ctrl_request_handlerP12ctrl_request+0x1e>
   b468c:	2003e714 	.word	0x2003e714

000b4690 <module_user_init_hook>:
{
   b4690:	b510      	push	{r4, lr}
    newlib_impure_ptr_callback([](struct _reent* r, size_t size, uint32_t version, void* ctx) -> void {
   b4692:	4812      	ldr	r0, [pc, #72]	; (b46dc <module_user_init_hook+0x4c>)
   b4694:	2100      	movs	r1, #0
   b4696:	f7ff feb9 	bl	b440c <newlib_impure_ptr_callback>
#endif // HAL_PLATFORM_NEWLIB

#if HAL_PLATFORM_BACKUP_RAM
    backup_ram_was_valid_ = __backup_sram_signature == signature;
   b469a:	4b11      	ldr	r3, [pc, #68]	; (b46e0 <module_user_init_hook+0x50>)
   b469c:	681a      	ldr	r2, [r3, #0]
   b469e:	4b11      	ldr	r3, [pc, #68]	; (b46e4 <module_user_init_hook+0x54>)
   b46a0:	429a      	cmp	r2, r3
   b46a2:	4b11      	ldr	r3, [pc, #68]	; (b46e8 <module_user_init_hook+0x58>)
   b46a4:	bf0c      	ite	eq
   b46a6:	2201      	moveq	r2, #1
   b46a8:	2200      	movne	r2, #0
   b46aa:	701a      	strb	r2, [r3, #0]
    if (!backup_ram_was_valid_) {
   b46ac:	d001      	beq.n	b46b2 <module_user_init_hook+0x22>
        system_initialize_user_backup_ram();
   b46ae:	f7ff ffb1 	bl	b4614 <_Z33system_initialize_user_backup_ramv>
    }
#endif

#if HAL_PLATFORM_RNG
    // Initialize the default stdlib PRNG using hardware RNG as a seed
    const uint32_t seed = HAL_RNG_GetRandomNumber();
   b46b2:	f7ff fd6f 	bl	b4194 <HAL_RNG_GetRandomNumber>
   b46b6:	4604      	mov	r4, r0
    srand(seed);
   b46b8:	f000 fac0 	bl	b4c3c <srand>

    // If the user defines random_seed_from_cloud, call it with a seed value
    // generated by a hardware RNG as well.
    if (random_seed_from_cloud) {
   b46bc:	4b0b      	ldr	r3, [pc, #44]	; (b46ec <module_user_init_hook+0x5c>)
   b46be:	b113      	cbz	r3, b46c6 <module_user_init_hook+0x36>
        random_seed_from_cloud(seed);
   b46c0:	4620      	mov	r0, r4
   b46c2:	f3af 8000 	nop.w
    }
#endif
    // Register the random_seed_from_cloud handler
    spark_set_random_seed_from_cloud_handler(&random_seed_from_cloud, nullptr);
   b46c6:	2100      	movs	r1, #0
   b46c8:	4808      	ldr	r0, [pc, #32]	; (b46ec <module_user_init_hook+0x5c>)
   b46ca:	f7ff fe7f 	bl	b43cc <spark_set_random_seed_from_cloud_handler>

    // Register application handler for the control requests
    system_ctrl_set_app_request_handler(ctrl_request_handler, nullptr);
}
   b46ce:	e8bd 4010 	ldmia.w	sp!, {r4, lr}
    system_ctrl_set_app_request_handler(ctrl_request_handler, nullptr);
   b46d2:	4807      	ldr	r0, [pc, #28]	; (b46f0 <module_user_init_hook+0x60>)
   b46d4:	2100      	movs	r1, #0
   b46d6:	f7ff be05 	b.w	b42e4 <system_ctrl_set_app_request_handler>
   b46da:	bf00      	nop
   b46dc:	000b45bd 	.word	0x000b45bd
   b46e0:	2003f400 	.word	0x2003f400
   b46e4:	9a271c1e 	.word	0x9a271c1e
   b46e8:	2003e710 	.word	0x2003e710
   b46ec:	00000000 	.word	0x00000000
   b46f0:	000b4659 	.word	0x000b4659

000b46f4 <_ZN9IPAddressD1Ev>:
    IPAddress(uint32_t address);
    // 4 bytes defining the IP address in network order
    IPAddress(const uint8_t* address);
    IPAddress(const HAL_IPAddress& address);

    virtual ~IPAddress() {}
   b46f4:	4770      	bx	lr

000b46f6 <_ZN9IPAddressD0Ev>:
   b46f6:	b510      	push	{r4, lr}
   b46f8:	2118      	movs	r1, #24
   b46fa:	4604      	mov	r4, r0
   b46fc:	f7ff fcd3 	bl	b40a6 <_ZdlPvj>
   b4700:	4620      	mov	r0, r4
   b4702:	bd10      	pop	{r4, pc}

000b4704 <_ZNK9IPAddress7printToER5Print>:
#endif // Wiring_IPv6
	return address.ipv4==that.address.ipv4;
}

size_t IPAddress::printTo(Print& p) const
{
   b4704:	b5f0      	push	{r4, r5, r6, r7, lr}
#if Wiring_IPv6
#if HAL_USE_INET_HAL_POSIX
	if (address.v==6) {
   b4706:	7d03      	ldrb	r3, [r0, #20]
   b4708:	2b06      	cmp	r3, #6
{
   b470a:	b08d      	sub	sp, #52	; 0x34
   b470c:	460e      	mov	r6, r1
		char buf[INET6_ADDRSTRLEN+1];
		buf[0] = 0;
		inet_inet_ntop(AF_INET6, address.ipv6, buf, sizeof(buf));
   b470e:	f100 0704 	add.w	r7, r0, #4
   b4712:	f04f 0400 	mov.w	r4, #0
	if (address.v==6) {
   b4716:	d012      	beq.n	b473e <_ZNK9IPAddress7printToER5Print+0x3a>
   b4718:	f100 0508 	add.w	r5, r0, #8
            val = n;
        }
#if __GNUC__ >= 9
#pragma GCC diagnostic pop
#endif // __GNUC__ >= 9
        return printNumber(val, base) + t;
   b471c:	f815 1d01 	ldrb.w	r1, [r5, #-1]!
   b4720:	220a      	movs	r2, #10
   b4722:	4630      	mov	r0, r6
   b4724:	f7ff ff13 	bl	b454e <_ZN5Print11printNumberEmh>
#else
#pragma message "HAL_USE_INET_HAL_POSIX is required for IPv6 support in IPAddress::printTo()"
#endif // HAL_USE_INET_HAL_POSIX
#endif // Wiring_IPv6
    size_t n = 0;
    for (int i = 0; i < 4; i++)
   b4728:	42af      	cmp	r7, r5
    {
        if (n)
            n += p.print('.');
        n += p.print((*this)[i], DEC);
   b472a:	4404      	add	r4, r0
    for (int i = 0; i < 4; i++)
   b472c:	d019      	beq.n	b4762 <_ZNK9IPAddress7printToER5Print+0x5e>
        if (n)
   b472e:	2c00      	cmp	r4, #0
   b4730:	d0f4      	beq.n	b471c <_ZNK9IPAddress7printToER5Print+0x18>
            n += p.print('.');
   b4732:	212e      	movs	r1, #46	; 0x2e
   b4734:	4630      	mov	r0, r6
   b4736:	f7ff fef1 	bl	b451c <_ZN5Print5printEc>
   b473a:	4404      	add	r4, r0
   b473c:	e7ee      	b.n	b471c <_ZNK9IPAddress7printToER5Print+0x18>
		inet_inet_ntop(AF_INET6, address.ipv6, buf, sizeof(buf));
   b473e:	232f      	movs	r3, #47	; 0x2f
   b4740:	466a      	mov	r2, sp
   b4742:	4639      	mov	r1, r7
   b4744:	200a      	movs	r0, #10
		buf[0] = 0;
   b4746:	f88d 4000 	strb.w	r4, [sp]
		inet_inet_ntop(AF_INET6, address.ipv6, buf, sizeof(buf));
   b474a:	f7ff fd3b 	bl	b41c4 <inet_inet_ntop>
      return write((const uint8_t *)str, strlen(str));
   b474e:	4668      	mov	r0, sp
   b4750:	f7ff fc64 	bl	b401c <strlen>
   b4754:	6833      	ldr	r3, [r6, #0]
   b4756:	4602      	mov	r2, r0
   b4758:	68db      	ldr	r3, [r3, #12]
   b475a:	4669      	mov	r1, sp
   b475c:	4630      	mov	r0, r6
   b475e:	4798      	blx	r3
   b4760:	4604      	mov	r4, r0
    }
    return n;
}
   b4762:	4620      	mov	r0, r4
   b4764:	b00d      	add	sp, #52	; 0x34
   b4766:	bdf0      	pop	{r4, r5, r6, r7, pc}

000b4768 <_ZN9IPAddressC1Ev>:
IPAddress::IPAddress()
   b4768:	b510      	push	{r4, lr}
   b476a:	4b05      	ldr	r3, [pc, #20]	; (b4780 <_ZN9IPAddressC1Ev+0x18>)
   b476c:	4604      	mov	r4, r0
        return address;
    }

    virtual size_t printTo(Print& p) const;

    void clear() { memset(&address, 0, sizeof (address)); }
   b476e:	2211      	movs	r2, #17
   b4770:	f840 3b04 	str.w	r3, [r0], #4
   b4774:	2100      	movs	r1, #0
   b4776:	f000 fa59 	bl	b4c2c <memset>
}
   b477a:	4620      	mov	r0, r4
   b477c:	bd10      	pop	{r4, pc}
   b477e:	bf00      	nop
   b4780:	000b4e08 	.word	0x000b4e08

000b4784 <_ZN9IPAddressC1ERK16_HAL_IPAddress_t>:
IPAddress::IPAddress(const HAL_IPAddress& address)
   b4784:	4603      	mov	r3, r0
   b4786:	4a07      	ldr	r2, [pc, #28]	; (b47a4 <_ZN9IPAddressC1ERK16_HAL_IPAddress_t+0x20>)
   b4788:	b510      	push	{r4, lr}
   b478a:	f843 2b04 	str.w	r2, [r3], #4
    memcpy(&this->address, &address, sizeof(address));
   b478e:	f101 0210 	add.w	r2, r1, #16
   b4792:	f851 4b04 	ldr.w	r4, [r1], #4
   b4796:	f843 4b04 	str.w	r4, [r3], #4
   b479a:	4291      	cmp	r1, r2
   b479c:	d1f9      	bne.n	b4792 <_ZN9IPAddressC1ERK16_HAL_IPAddress_t+0xe>
   b479e:	780a      	ldrb	r2, [r1, #0]
   b47a0:	701a      	strb	r2, [r3, #0]
}
   b47a2:	bd10      	pop	{r4, pc}
   b47a4:	000b4e08 	.word	0x000b4e08

000b47a8 <_ZN9IPAddress8set_ipv4Ehhhh>:
{
   b47a8:	b510      	push	{r4, lr}
    address.ipv4 = b0<<24 | b1 << 16 | b2 << 8 | b3;
   b47aa:	f89d 4008 	ldrb.w	r4, [sp, #8]
   b47ae:	ea44 2303 	orr.w	r3, r4, r3, lsl #8
   b47b2:	ea43 4202 	orr.w	r2, r3, r2, lsl #16
   b47b6:	ea42 6101 	orr.w	r1, r2, r1, lsl #24
        address.v = version;
   b47ba:	2304      	movs	r3, #4
   b47bc:	6041      	str	r1, [r0, #4]
   b47be:	7503      	strb	r3, [r0, #20]
}
   b47c0:	bd10      	pop	{r4, pc}
	...

000b47c4 <_ZN9IPAddressC1EPKh>:
IPAddress::IPAddress(const uint8_t* addr)
   b47c4:	b507      	push	{r0, r1, r2, lr}
   b47c6:	4b06      	ldr	r3, [pc, #24]	; (b47e0 <_ZN9IPAddressC1EPKh+0x1c>)
   b47c8:	6003      	str	r3, [r0, #0]
    set_ipv4(addr[0], addr[1], addr[2], addr[3]);
   b47ca:	78cb      	ldrb	r3, [r1, #3]
   b47cc:	9300      	str	r3, [sp, #0]
   b47ce:	788b      	ldrb	r3, [r1, #2]
   b47d0:	784a      	ldrb	r2, [r1, #1]
   b47d2:	7809      	ldrb	r1, [r1, #0]
   b47d4:	f7ff ffe8 	bl	b47a8 <_ZN9IPAddress8set_ipv4Ehhhh>
}
   b47d8:	b003      	add	sp, #12
   b47da:	f85d fb04 	ldr.w	pc, [sp], #4
   b47de:	bf00      	nop
   b47e0:	000b4e08 	.word	0x000b4e08

000b47e4 <_ZN9USBSerial14blockOnOverrunEb>:
  HAL_USB_USART_Flush_Data(_serial);
}

void USBSerial::blockOnOverrun(bool block)
{
  _blocking = block;
   b47e4:	7441      	strb	r1, [r0, #17]
}
   b47e6:	4770      	bx	lr

000b47e8 <__tcf_0>:
}

USBSerial& _fetch_usbserial()
{
  HAL_USB_USART_Config conf = acquireSerialBuffer();
	static USBSerial _usbserial(HAL_USB_USART_SERIAL, conf);
   b47e8:	4770      	bx	lr

000b47ea <_ZN9USBSerialD1Ev>:
#include "usb_hal.h"
#include "system_task.h"
#include "spark_wiring_startup.h"
#include "concurrent_hal.h"

class USBSerial : public Stream
   b47ea:	4770      	bx	lr

000b47ec <_ZN9USBSerial4readEv>:
{
   b47ec:	b508      	push	{r3, lr}
	return std::max(-1, (int)HAL_USB_USART_Receive_Data(_serial, false));
   b47ee:	2100      	movs	r1, #0
   b47f0:	7c00      	ldrb	r0, [r0, #16]
   b47f2:	f7ff fd4f 	bl	b4294 <HAL_USB_USART_Receive_Data>
}
   b47f6:	ea40 70e0 	orr.w	r0, r0, r0, asr #31
   b47fa:	bd08      	pop	{r3, pc}

000b47fc <_ZN9USBSerial4peekEv>:
{
   b47fc:	b508      	push	{r3, lr}
	return std::max(-1, (int)HAL_USB_USART_Receive_Data(_serial, true));
   b47fe:	2101      	movs	r1, #1
   b4800:	7c00      	ldrb	r0, [r0, #16]
   b4802:	f7ff fd47 	bl	b4294 <HAL_USB_USART_Receive_Data>
}
   b4806:	ea40 70e0 	orr.w	r0, r0, r0, asr #31
   b480a:	bd08      	pop	{r3, pc}

000b480c <_ZN9USBSerial17availableForWriteEv>:
{
   b480c:	b508      	push	{r3, lr}
  return std::max(0, (int)HAL_USB_USART_Available_Data_For_Write(_serial));
   b480e:	7c00      	ldrb	r0, [r0, #16]
   b4810:	f7ff fd38 	bl	b4284 <HAL_USB_USART_Available_Data_For_Write>
}
   b4814:	ea20 70e0 	bic.w	r0, r0, r0, asr #31
   b4818:	bd08      	pop	{r3, pc}

000b481a <_ZN9USBSerial9availableEv>:
{
   b481a:	b508      	push	{r3, lr}
	return std::max(0, (int)HAL_USB_USART_Available_Data(_serial));
   b481c:	7c00      	ldrb	r0, [r0, #16]
   b481e:	f7ff fd29 	bl	b4274 <HAL_USB_USART_Available_Data>
}
   b4822:	ea20 70e0 	bic.w	r0, r0, r0, asr #31
   b4826:	bd08      	pop	{r3, pc}

000b4828 <_ZN9USBSerial5writeEh>:
{
   b4828:	b513      	push	{r0, r1, r4, lr}
   b482a:	4604      	mov	r4, r0
  if (HAL_USB_USART_Available_Data_For_Write(_serial) > 0 || _blocking) {
   b482c:	7c00      	ldrb	r0, [r0, #16]
{
   b482e:	9101      	str	r1, [sp, #4]
  if (HAL_USB_USART_Available_Data_For_Write(_serial) > 0 || _blocking) {
   b4830:	f7ff fd28 	bl	b4284 <HAL_USB_USART_Available_Data_For_Write>
   b4834:	2800      	cmp	r0, #0
   b4836:	9901      	ldr	r1, [sp, #4]
   b4838:	dc01      	bgt.n	b483e <_ZN9USBSerial5writeEh+0x16>
   b483a:	7c60      	ldrb	r0, [r4, #17]
   b483c:	b120      	cbz	r0, b4848 <_ZN9USBSerial5writeEh+0x20>
    return std::max(0, (int)HAL_USB_USART_Send_Data(_serial, byte));
   b483e:	7c20      	ldrb	r0, [r4, #16]
   b4840:	f7ff fd30 	bl	b42a4 <HAL_USB_USART_Send_Data>
   b4844:	ea20 70e0 	bic.w	r0, r0, r0, asr #31
}
   b4848:	b002      	add	sp, #8
   b484a:	bd10      	pop	{r4, pc}

000b484c <_ZN9USBSerial5flushEv>:
  HAL_USB_USART_Flush_Data(_serial);
   b484c:	7c00      	ldrb	r0, [r0, #16]
   b484e:	f7ff bd31 	b.w	b42b4 <HAL_USB_USART_Flush_Data>

000b4852 <_ZN9USBSerialD0Ev>:
   b4852:	b510      	push	{r4, lr}
   b4854:	2114      	movs	r1, #20
   b4856:	4604      	mov	r4, r0
   b4858:	f7ff fc25 	bl	b40a6 <_ZdlPvj>
   b485c:	4620      	mov	r0, r4
   b485e:	bd10      	pop	{r4, pc}

000b4860 <_ZN9USBSerialC1E20HAL_USB_USART_SerialRK20HAL_USB_USART_Config>:
USBSerial::USBSerial(HAL_USB_USART_Serial serial, const HAL_USB_USART_Config& conf)
   b4860:	b510      	push	{r4, lr}
    virtual int available() = 0;
    virtual int read() = 0;
    virtual int peek() = 0;
    virtual void flush() = 0;

    Stream() {_timeout=1000;}
   b4862:	f44f 737a 	mov.w	r3, #1000	; 0x3e8
   b4866:	4604      	mov	r4, r0
   b4868:	4608      	mov	r0, r1
   b486a:	2100      	movs	r1, #0
   b486c:	e9c4 1301 	strd	r1, r3, [r4, #4]
   b4870:	4b04      	ldr	r3, [pc, #16]	; (b4884 <_ZN9USBSerialC1E20HAL_USB_USART_SerialRK20HAL_USB_USART_Config+0x24>)
   b4872:	6023      	str	r3, [r4, #0]
  _blocking = true;
   b4874:	2301      	movs	r3, #1
  _serial = serial;
   b4876:	7420      	strb	r0, [r4, #16]
  _blocking = true;
   b4878:	7463      	strb	r3, [r4, #17]
  HAL_USB_USART_Init(_serial, &conf);
   b487a:	4611      	mov	r1, r2
   b487c:	f7ff fcea 	bl	b4254 <HAL_USB_USART_Init>
}
   b4880:	4620      	mov	r0, r4
   b4882:	bd10      	pop	{r4, pc}
   b4884:	000b4e1c 	.word	0x000b4e1c

000b4888 <_ZN9USBSerial5beginEl>:
    HAL_USB_USART_Begin(_serial, speed, NULL);
   b4888:	7c00      	ldrb	r0, [r0, #16]
   b488a:	2200      	movs	r2, #0
   b488c:	f7ff bcea 	b.w	b4264 <HAL_USB_USART_Begin>

000b4890 <_Z19acquireSerialBufferv>:
{
   b4890:	b510      	push	{r4, lr}
  HAL_USB_USART_Config conf = {};
   b4892:	2214      	movs	r2, #20
{
   b4894:	4604      	mov	r4, r0
  HAL_USB_USART_Config conf = {};
   b4896:	2100      	movs	r1, #0
   b4898:	f000 f9c8 	bl	b4c2c <memset>
}
   b489c:	4620      	mov	r0, r4
   b489e:	bd10      	pop	{r4, pc}

000b48a0 <_Z16_fetch_usbserialv>:
{
   b48a0:	b510      	push	{r4, lr}
	static USBSerial _usbserial(HAL_USB_USART_SERIAL, conf);
   b48a2:	4c0f      	ldr	r4, [pc, #60]	; (b48e0 <_Z16_fetch_usbserialv+0x40>)
{
   b48a4:	b088      	sub	sp, #32
  HAL_USB_USART_Config conf = acquireSerialBuffer();
   b48a6:	a803      	add	r0, sp, #12
   b48a8:	f7ff fff2 	bl	b4890 <_Z19acquireSerialBufferv>
	static USBSerial _usbserial(HAL_USB_USART_SERIAL, conf);
   b48ac:	7821      	ldrb	r1, [r4, #0]
   b48ae:	f3bf 8f5b 	dmb	ish
   b48b2:	f011 0101 	ands.w	r1, r1, #1
   b48b6:	d10f      	bne.n	b48d8 <_Z16_fetch_usbserialv+0x38>
   b48b8:	4620      	mov	r0, r4
   b48ba:	9101      	str	r1, [sp, #4]
   b48bc:	f7ff fbf5 	bl	b40aa <__cxa_guard_acquire>
   b48c0:	9901      	ldr	r1, [sp, #4]
   b48c2:	b148      	cbz	r0, b48d8 <_Z16_fetch_usbserialv+0x38>
   b48c4:	aa03      	add	r2, sp, #12
   b48c6:	4807      	ldr	r0, [pc, #28]	; (b48e4 <_Z16_fetch_usbserialv+0x44>)
   b48c8:	f7ff ffca 	bl	b4860 <_ZN9USBSerialC1E20HAL_USB_USART_SerialRK20HAL_USB_USART_Config>
   b48cc:	4620      	mov	r0, r4
   b48ce:	f7ff fbf1 	bl	b40b4 <__cxa_guard_release>
   b48d2:	4805      	ldr	r0, [pc, #20]	; (b48e8 <_Z16_fetch_usbserialv+0x48>)
   b48d4:	f000 f996 	bl	b4c04 <atexit>
	return _usbserial;
}
   b48d8:	4802      	ldr	r0, [pc, #8]	; (b48e4 <_Z16_fetch_usbserialv+0x44>)
   b48da:	b008      	add	sp, #32
   b48dc:	bd10      	pop	{r4, pc}
   b48de:	bf00      	nop
   b48e0:	2003e718 	.word	0x2003e718
   b48e4:	2003e71c 	.word	0x2003e71c
   b48e8:	000b47e9 	.word	0x000b47e9

000b48ec <_ZN11USARTSerialD1Ev>:
private:
  hal_usart_interface_t _serial;
  bool _blocking;
public:
  USARTSerial(hal_usart_interface_t serial, const hal_usart_buffer_config_t& config);
  virtual ~USARTSerial() {};
   b48ec:	4770      	bx	lr

000b48ee <_ZN11USARTSerial14blockOnOverrunEb>:
    hal_usart_half_duplex(_serial, Enable);
}

void USARTSerial::blockOnOverrun(bool block)
{
  _blocking = block;
   b48ee:	7441      	strb	r1, [r0, #17]
}
   b48f0:	4770      	bx	lr

000b48f2 <_ZN11USARTSerial17availableForWriteEv>:


int USARTSerial::availableForWrite(void)
{
   b48f2:	b508      	push	{r3, lr}
  return std::max(0, (int)hal_usart_available_data_for_write(_serial));
   b48f4:	7c00      	ldrb	r0, [r0, #16]
   b48f6:	f7ff fc95 	bl	b4224 <hal_usart_available_data_for_write>
}
   b48fa:	ea20 70e0 	bic.w	r0, r0, r0, asr #31
   b48fe:	bd08      	pop	{r3, pc}

000b4900 <_ZN11USARTSerial9availableEv>:

int USARTSerial::available(void)
{
   b4900:	b508      	push	{r3, lr}
  return std::max(0, (int)hal_usart_available(_serial));
   b4902:	7c00      	ldrb	r0, [r0, #16]
   b4904:	f7ff fc6e 	bl	b41e4 <hal_usart_available>
}
   b4908:	ea20 70e0 	bic.w	r0, r0, r0, asr #31
   b490c:	bd08      	pop	{r3, pc}

000b490e <_ZN11USARTSerial4peekEv>:

int USARTSerial::peek(void)
{
   b490e:	b508      	push	{r3, lr}
  return std::max(-1, (int)hal_usart_peek(_serial));
   b4910:	7c00      	ldrb	r0, [r0, #16]
   b4912:	f7ff fc77 	bl	b4204 <hal_usart_peek>
}
   b4916:	ea40 70e0 	orr.w	r0, r0, r0, asr #31
   b491a:	bd08      	pop	{r3, pc}

000b491c <_ZN11USARTSerial4readEv>:

int USARTSerial::read(void)
{
   b491c:	b508      	push	{r3, lr}
  return std::max(-1, (int)hal_usart_read(_serial));
   b491e:	7c00      	ldrb	r0, [r0, #16]
   b4920:	f7ff fc68 	bl	b41f4 <hal_usart_read>
}
   b4924:	ea40 70e0 	orr.w	r0, r0, r0, asr #31
   b4928:	bd08      	pop	{r3, pc}

000b492a <_ZN11USARTSerial5flushEv>:

void USARTSerial::flush()
{
  hal_usart_flush(_serial);
   b492a:	7c00      	ldrb	r0, [r0, #16]
   b492c:	f7ff bc72 	b.w	b4214 <hal_usart_flush>

000b4930 <_ZN11USARTSerial5writeEh>:
}

size_t USARTSerial::write(uint8_t c)
{
   b4930:	b537      	push	{r0, r1, r2, r4, r5, lr}
  // attempt a write if blocking, or for non-blocking if there is room.
  if (_blocking || hal_usart_available_data_for_write(_serial) > 0) {
   b4932:	7c45      	ldrb	r5, [r0, #17]
{
   b4934:	4604      	mov	r4, r0
  if (_blocking || hal_usart_available_data_for_write(_serial) > 0) {
   b4936:	b12d      	cbz	r5, b4944 <_ZN11USARTSerial5writeEh+0x14>
    // the HAL always blocks.
	  return hal_usart_write(_serial, c);
   b4938:	7c20      	ldrb	r0, [r4, #16]
  }
  return 0;
}
   b493a:	b003      	add	sp, #12
   b493c:	e8bd 4030 	ldmia.w	sp!, {r4, r5, lr}
	  return hal_usart_write(_serial, c);
   b4940:	f7ff bc48 	b.w	b41d4 <hal_usart_write>
  if (_blocking || hal_usart_available_data_for_write(_serial) > 0) {
   b4944:	7c00      	ldrb	r0, [r0, #16]
   b4946:	9101      	str	r1, [sp, #4]
   b4948:	f7ff fc6c 	bl	b4224 <hal_usart_available_data_for_write>
   b494c:	2800      	cmp	r0, #0
   b494e:	9901      	ldr	r1, [sp, #4]
   b4950:	dcf2      	bgt.n	b4938 <_ZN11USARTSerial5writeEh+0x8>
}
   b4952:	4628      	mov	r0, r5
   b4954:	b003      	add	sp, #12
   b4956:	bd30      	pop	{r4, r5, pc}

000b4958 <_ZN11USARTSerialD0Ev>:
   b4958:	b510      	push	{r4, lr}
   b495a:	2114      	movs	r1, #20
   b495c:	4604      	mov	r4, r0
   b495e:	f7ff fba2 	bl	b40a6 <_ZdlPvj>
   b4962:	4620      	mov	r0, r4
   b4964:	bd10      	pop	{r4, pc}
	...

000b4968 <_ZN11USARTSerialC1E21hal_usart_interface_tRK25hal_usart_buffer_config_t>:
USARTSerial::USARTSerial(hal_usart_interface_t serial, const hal_usart_buffer_config_t& config)
   b4968:	b510      	push	{r4, lr}
   b496a:	f44f 737a 	mov.w	r3, #1000	; 0x3e8
   b496e:	4604      	mov	r4, r0
   b4970:	4608      	mov	r0, r1
   b4972:	4611      	mov	r1, r2
   b4974:	2200      	movs	r2, #0
   b4976:	e9c4 2301 	strd	r2, r3, [r4, #4]
   b497a:	4b04      	ldr	r3, [pc, #16]	; (b498c <_ZN11USARTSerialC1E21hal_usart_interface_tRK25hal_usart_buffer_config_t+0x24>)
   b497c:	6023      	str	r3, [r4, #0]
  _blocking = true;
   b497e:	2301      	movs	r3, #1
  _serial = serial;
   b4980:	7420      	strb	r0, [r4, #16]
  _blocking = true;
   b4982:	7463      	strb	r3, [r4, #17]
  hal_usart_init_ex(serial, &config, nullptr);
   b4984:	f7ff fc5e 	bl	b4244 <hal_usart_init_ex>
}
   b4988:	4620      	mov	r0, r4
   b498a:	bd10      	pop	{r4, pc}
   b498c:	000b4e4c 	.word	0x000b4e4c

000b4990 <_ZN11USARTSerial5beginEmm>:
  hal_usart_begin_config(_serial, baud, config, nullptr);
   b4990:	7c00      	ldrb	r0, [r0, #16]
   b4992:	2300      	movs	r3, #0
   b4994:	f7ff bc4e 	b.w	b4234 <hal_usart_begin_config>

000b4998 <_ZN11USARTSerial5beginEm>:
  begin(baud, SERIAL_8N1);
   b4998:	2200      	movs	r2, #0
   b499a:	f7ff bff9 	b.w	b4990 <_ZN11USARTSerial5beginEmm>

000b499e <_ZN5spark9WiFiClass5readyEv>:
    bool connecting(void) {
        return network_connecting(*this, 0, NULL);
    }

    bool ready(void) {
        return network_ready(*this, 0, NULL);
   b499e:	2200      	movs	r2, #0
   b49a0:	6840      	ldr	r0, [r0, #4]
   b49a2:	4611      	mov	r1, r2
   b49a4:	f7ff bcca 	b.w	b433c <network_ready>

000b49a8 <_ZN5spark9WiFiClass9listeningEv>:
    uint16_t getListenTimeout(void) {
        return network_get_listen_timeout(*this, 0, NULL);
    }

    bool listening(void) {
        return network_listening(*this, 0, NULL);
   b49a8:	2200      	movs	r2, #0
   b49aa:	6840      	ldr	r0, [r0, #4]
   b49ac:	4611      	mov	r1, r2
   b49ae:	f7ff bce5 	b.w	b437c <network_listening>

000b49b2 <_ZN5spark9WiFiClass16getListenTimeoutEv>:
        return network_get_listen_timeout(*this, 0, NULL);
   b49b2:	2200      	movs	r2, #0
   b49b4:	6840      	ldr	r0, [r0, #4]
   b49b6:	4611      	mov	r1, r2
   b49b8:	f7ff bcf0 	b.w	b439c <network_get_listen_timeout>

000b49bc <_ZN5spark9WiFiClass16setListenTimeoutEt>:
        network_set_listen_timeout(*this, timeout, NULL);
   b49bc:	6840      	ldr	r0, [r0, #4]
   b49be:	2200      	movs	r2, #0
   b49c0:	f7ff bce4 	b.w	b438c <network_set_listen_timeout>

000b49c4 <_ZN5spark9WiFiClass6listenEb>:
        network_listen(*this, begin ? 0 : 1, NULL);
   b49c4:	6840      	ldr	r0, [r0, #4]
   b49c6:	2200      	movs	r2, #0
   b49c8:	f081 0101 	eor.w	r1, r1, #1
   b49cc:	f7ff bcce 	b.w	b436c <network_listen>

000b49d0 <_ZN5spark9WiFiClass3offEv>:
        network_off(*this, 0, 0, NULL);
   b49d0:	2300      	movs	r3, #0
   b49d2:	6840      	ldr	r0, [r0, #4]
   b49d4:	461a      	mov	r2, r3
   b49d6:	4619      	mov	r1, r3
   b49d8:	f7ff bcc0 	b.w	b435c <network_off>

000b49dc <_ZN5spark9WiFiClass2onEv>:
        network_on(*this, 0, 0, NULL);
   b49dc:	2300      	movs	r3, #0
   b49de:	6840      	ldr	r0, [r0, #4]
   b49e0:	461a      	mov	r2, r3
   b49e2:	4619      	mov	r1, r3
   b49e4:	f7ff bcb2 	b.w	b434c <network_on>

000b49e8 <_ZN5spark9WiFiClass10connectingEv>:
        return network_connecting(*this, 0, NULL);
   b49e8:	2200      	movs	r2, #0
   b49ea:	6840      	ldr	r0, [r0, #4]
   b49ec:	4611      	mov	r1, r2
   b49ee:	f7ff bc95 	b.w	b431c <network_connecting>

000b49f2 <_ZN5spark9WiFiClass10disconnectEv>:
        network_disconnect(*this, NETWORK_DISCONNECT_REASON_USER, NULL);
   b49f2:	6840      	ldr	r0, [r0, #4]
   b49f4:	2200      	movs	r2, #0
   b49f6:	2102      	movs	r1, #2
   b49f8:	f7ff bc98 	b.w	b432c <network_disconnect>

000b49fc <_ZN5spark9WiFiClass7connectEj>:
        network_connect(*this, flags, 0, NULL);
   b49fc:	2300      	movs	r3, #0
   b49fe:	6840      	ldr	r0, [r0, #4]
   b4a00:	461a      	mov	r2, r3
   b4a02:	f7ff bc83 	b.w	b430c <network_connect>
	...

000b4a08 <_GLOBAL__sub_I__ZN10WiFiSignalC2ERK21wlan_connected_info_t>:
   b4a08:	4b02      	ldr	r3, [pc, #8]	; (b4a14 <_GLOBAL__sub_I__ZN10WiFiSignalC2ERK21wlan_connected_info_t+0xc>)
   b4a0a:	2204      	movs	r2, #4
   b4a0c:	605a      	str	r2, [r3, #4]
            NetworkClass(NETWORK_INTERFACE_WIFI_STA) {
   b4a0e:	4a02      	ldr	r2, [pc, #8]	; (b4a18 <_GLOBAL__sub_I__ZN10WiFiSignalC2ERK21wlan_connected_info_t+0x10>)
   b4a10:	601a      	str	r2, [r3, #0]
the same way.
*****************************************************************************/

    WiFiClass WiFi;
    // NetworkClass& Network = WiFi;
}
   b4a12:	4770      	bx	lr
   b4a14:	2003e730 	.word	0x2003e730
   b4a18:	000b4e7c 	.word	0x000b4e7c

000b4a1c <_ZN5spark12NetworkClass7connectEj>:
        return Network;
    }
}

void NetworkClass::connect(unsigned flags) {
    network_connect(*this, flags, 0, nullptr);
   b4a1c:	2300      	movs	r3, #0
   b4a1e:	6840      	ldr	r0, [r0, #4]
   b4a20:	461a      	mov	r2, r3
   b4a22:	f7ff bc73 	b.w	b430c <network_connect>

000b4a26 <_ZN5spark12NetworkClass10disconnectEv>:
}

void NetworkClass::disconnect() {
    network_disconnect(*this, NETWORK_DISCONNECT_REASON_USER, nullptr);
   b4a26:	6840      	ldr	r0, [r0, #4]
   b4a28:	2200      	movs	r2, #0
   b4a2a:	2102      	movs	r1, #2
   b4a2c:	f7ff bc7e 	b.w	b432c <network_disconnect>

000b4a30 <_ZN5spark12NetworkClass10connectingEv>:
}

bool NetworkClass::connecting() {
    return network_connecting(*this, 0, nullptr);
   b4a30:	2200      	movs	r2, #0
   b4a32:	6840      	ldr	r0, [r0, #4]
   b4a34:	4611      	mov	r1, r2
   b4a36:	f7ff bc71 	b.w	b431c <network_connecting>

000b4a3a <_ZN5spark12NetworkClass5readyEv>:
}

bool NetworkClass::ready() {
    return network_ready(*this, 0, nullptr);
   b4a3a:	2200      	movs	r2, #0
   b4a3c:	6840      	ldr	r0, [r0, #4]
   b4a3e:	4611      	mov	r1, r2
   b4a40:	f7ff bc7c 	b.w	b433c <network_ready>

000b4a44 <_ZN5spark12NetworkClass2onEv>:
}

void NetworkClass::on() {
    network_on(*this, 0, 0, nullptr);
   b4a44:	2300      	movs	r3, #0
   b4a46:	6840      	ldr	r0, [r0, #4]
   b4a48:	461a      	mov	r2, r3
   b4a4a:	4619      	mov	r1, r3
   b4a4c:	f7ff bc7e 	b.w	b434c <network_on>

000b4a50 <_ZN5spark12NetworkClass3offEv>:
}

void NetworkClass::off() {
    network_off(*this, 0, 0, nullptr);
   b4a50:	2300      	movs	r3, #0
   b4a52:	6840      	ldr	r0, [r0, #4]
   b4a54:	461a      	mov	r2, r3
   b4a56:	4619      	mov	r1, r3
   b4a58:	f7ff bc80 	b.w	b435c <network_off>

000b4a5c <_ZN5spark12NetworkClass4isOnEv>:
}

bool NetworkClass::isOn() {
    return network_is_on(*this, nullptr);
   b4a5c:	6840      	ldr	r0, [r0, #4]
   b4a5e:	2100      	movs	r1, #0
   b4a60:	f7ff bca4 	b.w	b43ac <network_is_on>

000b4a64 <_ZN5spark12NetworkClass5isOffEv>:
}

bool NetworkClass::isOff() {
    return network_is_off(*this, nullptr);
   b4a64:	6840      	ldr	r0, [r0, #4]
   b4a66:	2100      	movs	r1, #0
   b4a68:	f7ff bca8 	b.w	b43bc <network_is_off>

000b4a6c <_ZN5spark12NetworkClass6listenEb>:
}

void NetworkClass::listen(bool begin) {
    network_listen(*this, begin ? 0 : 1, nullptr);
   b4a6c:	6840      	ldr	r0, [r0, #4]
   b4a6e:	2200      	movs	r2, #0
   b4a70:	f081 0101 	eor.w	r1, r1, #1
   b4a74:	f7ff bc7a 	b.w	b436c <network_listen>

000b4a78 <_ZN5spark12NetworkClass16setListenTimeoutEt>:
}

void NetworkClass::setListenTimeout(uint16_t timeout) {
    network_set_listen_timeout(*this, timeout, nullptr);
   b4a78:	6840      	ldr	r0, [r0, #4]
   b4a7a:	2200      	movs	r2, #0
   b4a7c:	f7ff bc86 	b.w	b438c <network_set_listen_timeout>

000b4a80 <_ZN5spark12NetworkClass16getListenTimeoutEv>:
}

uint16_t NetworkClass::getListenTimeout() {
    return network_get_listen_timeout(*this, 0, nullptr);
   b4a80:	2200      	movs	r2, #0
   b4a82:	6840      	ldr	r0, [r0, #4]
   b4a84:	4611      	mov	r1, r2
   b4a86:	f7ff bc89 	b.w	b439c <network_get_listen_timeout>

000b4a8a <_ZN5spark12NetworkClass9listeningEv>:
}

bool NetworkClass::listening() {
    return network_listening(*this, 0, nullptr);
   b4a8a:	2200      	movs	r2, #0
   b4a8c:	6840      	ldr	r0, [r0, #4]
   b4a8e:	4611      	mov	r1, r2
   b4a90:	f7ff bc74 	b.w	b437c <network_listening>

000b4a94 <_ZN5spark12NetworkClass7resolveEPKc>:
}

IPAddress NetworkClass::resolve(const char* name) {
   b4a94:	e92d 43f0 	stmdb	sp!, {r4, r5, r6, r7, r8, r9, lr}
   b4a98:	b095      	sub	sp, #84	; 0x54
   b4a9a:	4614      	mov	r4, r2
   b4a9c:	460d      	mov	r5, r1
   b4a9e:	4607      	mov	r7, r0
    IPAddress addr;
   b4aa0:	f7ff fe62 	bl	b4768 <_ZN9IPAddressC1Ev>
#if HAL_USE_INET_HAL_POSIX
    struct addrinfo *ai = nullptr;
   b4aa4:	2100      	movs	r1, #0
    struct addrinfo hints = {};
   b4aa6:	221c      	movs	r2, #28
   b4aa8:	a80d      	add	r0, sp, #52	; 0x34
    struct addrinfo *ai = nullptr;
   b4aaa:	9100      	str	r1, [sp, #0]
    struct addrinfo hints = {};
   b4aac:	f000 f8be 	bl	b4c2c <memset>
    hints.ai_flags = AI_ADDRCONFIG;
   b4ab0:	2340      	movs	r3, #64	; 0x40
   b4ab2:	930c      	str	r3, [sp, #48]	; 0x30
    hints.ai_family = AF_UNSPEC;
    const int r = getaddrinfo(name, nullptr, &hints, &ai);
   b4ab4:	4620      	mov	r0, r4
   b4ab6:	466b      	mov	r3, sp
   b4ab8:	aa0c      	add	r2, sp, #48	; 0x30
   b4aba:	2100      	movs	r1, #0
   b4abc:	f7ff fb62 	bl	b4184 <netdb_getaddrinfo>
    if (!r) {
   b4ac0:	4604      	mov	r4, r0
   b4ac2:	2800      	cmp	r0, #0
   b4ac4:	d14b      	bne.n	b4b5e <_ZN5spark12NetworkClass7resolveEPKc+0xca>
        bool ok = false;
        // This is not really needed if AI_ADDRCONFIG is properly supported
        bool ipv4 = network_ready(*this, NETWORK_READY_TYPE_IPV4, nullptr);
   b4ac6:	4602      	mov	r2, r0
   b4ac8:	2101      	movs	r1, #1
   b4aca:	6868      	ldr	r0, [r5, #4]
   b4acc:	f7ff fc36 	bl	b433c <network_ready>
        bool ipv6 = network_ready(*this, NETWORK_READY_TYPE_IPV6, nullptr);
   b4ad0:	2102      	movs	r1, #2
        bool ipv4 = network_ready(*this, NETWORK_READY_TYPE_IPV4, nullptr);
   b4ad2:	4680      	mov	r8, r0
        bool ipv6 = network_ready(*this, NETWORK_READY_TYPE_IPV6, nullptr);
   b4ad4:	4622      	mov	r2, r4
   b4ad6:	6868      	ldr	r0, [r5, #4]
   b4ad8:	f7ff fc30 	bl	b433c <network_ready>
        for (auto cur = ai; cur != nullptr && !ok; cur = cur->ai_next) {
   b4adc:	9e00      	ldr	r6, [sp, #0]
        bool ipv6 = network_ready(*this, NETWORK_READY_TYPE_IPV6, nullptr);
   b4ade:	4681      	mov	r9, r0
        bool ok = false;
   b4ae0:	4621      	mov	r1, r4
        for (auto cur = ai; cur != nullptr && !ok; cur = cur->ai_next) {
   b4ae2:	2e00      	cmp	r6, #0
   b4ae4:	d03b      	beq.n	b4b5e <_ZN5spark12NetworkClass7resolveEPKc+0xca>
   b4ae6:	2900      	cmp	r1, #0
   b4ae8:	d139      	bne.n	b4b5e <_ZN5spark12NetworkClass7resolveEPKc+0xca>
            // NOTE: using only the first entry that matches the current state of IPv4/IPv6 connectivity
            switch (cur->ai_family) {
   b4aea:	6873      	ldr	r3, [r6, #4]
   b4aec:	2b02      	cmp	r3, #2
   b4aee:	d003      	beq.n	b4af8 <_ZN5spark12NetworkClass7resolveEPKc+0x64>
   b4af0:	2b0a      	cmp	r3, #10
   b4af2:	d011      	beq.n	b4b18 <_ZN5spark12NetworkClass7resolveEPKc+0x84>
        for (auto cur = ai; cur != nullptr && !ok; cur = cur->ai_next) {
   b4af4:	69f6      	ldr	r6, [r6, #28]
   b4af6:	e7f4      	b.n	b4ae2 <_ZN5spark12NetworkClass7resolveEPKc+0x4e>
                case AF_INET: {
                    if (!ipv4) {
   b4af8:	f1b8 0f00 	cmp.w	r8, #0
   b4afc:	d0fa      	beq.n	b4af4 <_ZN5spark12NetworkClass7resolveEPKc+0x60>
                        continue;
                    }
                    // NOTE: HAL_IPAddress is little-endian
                    auto in = (struct sockaddr_in*)cur->ai_addr;
                    addr = (const uint8_t*)(&in->sin_addr.s_addr);
   b4afe:	6971      	ldr	r1, [r6, #20]
        return *this = IPAddress(address);
   b4b00:	a806      	add	r0, sp, #24
   b4b02:	3104      	adds	r1, #4
class IPAddress : public Printable {
   b4b04:	ad07      	add	r5, sp, #28
        return *this = IPAddress(address);
   b4b06:	f7ff fe5d 	bl	b47c4 <_ZN9IPAddressC1EPKh>
class IPAddress : public Printable {
   b4b0a:	cd0f      	ldmia	r5!, {r0, r1, r2, r3}
   b4b0c:	1d3c      	adds	r4, r7, #4
   b4b0e:	c40f      	stmia	r4!, {r0, r1, r2, r3}
   b4b10:	682b      	ldr	r3, [r5, #0]
   b4b12:	7023      	strb	r3, [r4, #0]
                    ok = true;
   b4b14:	4641      	mov	r1, r8
        return *this = IPAddress(address);
   b4b16:	e7ed      	b.n	b4af4 <_ZN5spark12NetworkClass7resolveEPKc+0x60>
                    break;
                }
                case AF_INET6: {
                    if (!ipv6) {
   b4b18:	f1b9 0f00 	cmp.w	r9, #0
   b4b1c:	d0ea      	beq.n	b4af4 <_ZN5spark12NetworkClass7resolveEPKc+0x60>
                        continue;
                    }
                    auto in6 = (struct sockaddr_in6*)cur->ai_addr;
   b4b1e:	6974      	ldr	r4, [r6, #20]
                    HAL_IPAddress a = {};
   b4b20:	2210      	movs	r2, #16
   b4b22:	a801      	add	r0, sp, #4
   b4b24:	f000 f882 	bl	b4c2c <memset>
                    a.v = 6;
   b4b28:	2306      	movs	r3, #6
   b4b2a:	f88d 3014 	strb.w	r3, [sp, #20]
                    memcpy(a.ipv6, in6->sin6_addr.s6_addr, sizeof(a.ipv6));
   b4b2e:	ad01      	add	r5, sp, #4
   b4b30:	f104 0308 	add.w	r3, r4, #8
   b4b34:	3418      	adds	r4, #24
   b4b36:	6818      	ldr	r0, [r3, #0]
   b4b38:	6859      	ldr	r1, [r3, #4]
   b4b3a:	462a      	mov	r2, r5
   b4b3c:	c203      	stmia	r2!, {r0, r1}
   b4b3e:	3308      	adds	r3, #8
   b4b40:	42a3      	cmp	r3, r4
   b4b42:	4615      	mov	r5, r2
   b4b44:	d1f7      	bne.n	b4b36 <_ZN5spark12NetworkClass7resolveEPKc+0xa2>
                    addr = IPAddress(a);
   b4b46:	a901      	add	r1, sp, #4
   b4b48:	a806      	add	r0, sp, #24
class IPAddress : public Printable {
   b4b4a:	ad07      	add	r5, sp, #28
   b4b4c:	f7ff fe1a 	bl	b4784 <_ZN9IPAddressC1ERK16_HAL_IPAddress_t>
   b4b50:	cd0f      	ldmia	r5!, {r0, r1, r2, r3}
   b4b52:	1d3c      	adds	r4, r7, #4
   b4b54:	c40f      	stmia	r4!, {r0, r1, r2, r3}
   b4b56:	682b      	ldr	r3, [r5, #0]
   b4b58:	7023      	strb	r3, [r4, #0]
                    ok = true;
   b4b5a:	4649      	mov	r1, r9
   b4b5c:	e7ca      	b.n	b4af4 <_ZN5spark12NetworkClass7resolveEPKc+0x60>
                    break;
                }
            }
        }
    }
    freeaddrinfo(ai);
   b4b5e:	9800      	ldr	r0, [sp, #0]
   b4b60:	f7ff fb08 	bl	b4174 <netdb_freeaddrinfo>
    return Cellular.resolve(name);
#endif // Wiring_Cellular

#endif // HAL_USE_INET_HAL_POSIX
    return addr;
}
   b4b64:	4638      	mov	r0, r7
   b4b66:	b015      	add	sp, #84	; 0x54
   b4b68:	e8bd 83f0 	ldmia.w	sp!, {r4, r5, r6, r7, r8, r9, pc}

000b4b6c <_GLOBAL__sub_I__ZN5spark7NetworkE>:
   b4b6c:	4b02      	ldr	r3, [pc, #8]	; (b4b78 <_GLOBAL__sub_I__ZN5spark7NetworkE+0xc>)
   b4b6e:	4a03      	ldr	r2, [pc, #12]	; (b4b7c <_GLOBAL__sub_I__ZN5spark7NetworkE+0x10>)
   b4b70:	601a      	str	r2, [r3, #0]
   b4b72:	2200      	movs	r2, #0
   b4b74:	605a      	str	r2, [r3, #4]
    network_free_configuration(c, count, nullptr);
    return res;
}
#endif // HAL_USE_SOCKET_HAL_POSIX

} // spark
   b4b76:	4770      	bx	lr
   b4b78:	2003e738 	.word	0x2003e738
   b4b7c:	000b4eb8 	.word	0x000b4eb8

000b4b80 <__tcf_0>:
}
#endif

USARTSerial& __fetch_global_Serial1()
{
    static USARTSerial serial1(HAL_USART_SERIAL1, acquireSerial1Buffer());
   b4b80:	4770      	bx	lr
	...

000b4b84 <_Z20acquireSerial1Bufferv>:
{
   b4b84:	b538      	push	{r3, r4, r5, lr}
   b4b86:	4604      	mov	r4, r0
    hal_usart_buffer_config_t config = {
   b4b88:	2514      	movs	r5, #20
   b4b8a:	462a      	mov	r2, r5
   b4b8c:	2100      	movs	r1, #0
   b4b8e:	f000 f84d 	bl	b4c2c <memset>
   b4b92:	8025      	strh	r5, [r4, #0]
   b4b94:	2540      	movs	r5, #64	; 0x40
        .rx_buffer = new (std::nothrow) uint8_t[bufferSize],
   b4b96:	4907      	ldr	r1, [pc, #28]	; (b4bb4 <_Z20acquireSerial1Bufferv+0x30>)
    hal_usart_buffer_config_t config = {
   b4b98:	8125      	strh	r5, [r4, #8]
        .rx_buffer = new (std::nothrow) uint8_t[bufferSize],
   b4b9a:	4628      	mov	r0, r5
    hal_usart_buffer_config_t config = {
   b4b9c:	8225      	strh	r5, [r4, #16]
        .rx_buffer = new (std::nothrow) uint8_t[bufferSize],
   b4b9e:	f000 f82f 	bl	b4c00 <_ZnajRKSt9nothrow_t>
        .tx_buffer = new (std::nothrow) uint8_t[bufferSize],
   b4ba2:	4904      	ldr	r1, [pc, #16]	; (b4bb4 <_Z20acquireSerial1Bufferv+0x30>)
    };
   b4ba4:	6060      	str	r0, [r4, #4]
        .tx_buffer = new (std::nothrow) uint8_t[bufferSize],
   b4ba6:	4628      	mov	r0, r5
   b4ba8:	f000 f82a 	bl	b4c00 <_ZnajRKSt9nothrow_t>
    };
   b4bac:	60e0      	str	r0, [r4, #12]
}
   b4bae:	4620      	mov	r0, r4
   b4bb0:	bd38      	pop	{r3, r4, r5, pc}
   b4bb2:	bf00      	nop
   b4bb4:	000b4eec 	.word	0x000b4eec

000b4bb8 <_Z22__fetch_global_Serial1v>:
{
   b4bb8:	b530      	push	{r4, r5, lr}
    static USARTSerial serial1(HAL_USART_SERIAL1, acquireSerial1Buffer());
   b4bba:	4d0e      	ldr	r5, [pc, #56]	; (b4bf4 <_Z22__fetch_global_Serial1v+0x3c>)
   b4bbc:	7829      	ldrb	r1, [r5, #0]
   b4bbe:	f3bf 8f5b 	dmb	ish
   b4bc2:	f011 0401 	ands.w	r4, r1, #1
{
   b4bc6:	b087      	sub	sp, #28
    static USARTSerial serial1(HAL_USART_SERIAL1, acquireSerial1Buffer());
   b4bc8:	d111      	bne.n	b4bee <_Z22__fetch_global_Serial1v+0x36>
   b4bca:	4628      	mov	r0, r5
   b4bcc:	f7ff fa6d 	bl	b40aa <__cxa_guard_acquire>
   b4bd0:	b168      	cbz	r0, b4bee <_Z22__fetch_global_Serial1v+0x36>
   b4bd2:	a801      	add	r0, sp, #4
   b4bd4:	f7ff ffd6 	bl	b4b84 <_Z20acquireSerial1Bufferv>
   b4bd8:	aa01      	add	r2, sp, #4
   b4bda:	4621      	mov	r1, r4
   b4bdc:	4806      	ldr	r0, [pc, #24]	; (b4bf8 <_Z22__fetch_global_Serial1v+0x40>)
   b4bde:	f7ff fec3 	bl	b4968 <_ZN11USARTSerialC1E21hal_usart_interface_tRK25hal_usart_buffer_config_t>
   b4be2:	4628      	mov	r0, r5
   b4be4:	f7ff fa66 	bl	b40b4 <__cxa_guard_release>
   b4be8:	4804      	ldr	r0, [pc, #16]	; (b4bfc <_Z22__fetch_global_Serial1v+0x44>)
   b4bea:	f000 f80b 	bl	b4c04 <atexit>
    return serial1;
}
   b4bee:	4802      	ldr	r0, [pc, #8]	; (b4bf8 <_Z22__fetch_global_Serial1v+0x40>)
   b4bf0:	b007      	add	sp, #28
   b4bf2:	bd30      	pop	{r4, r5, pc}
   b4bf4:	2003e740 	.word	0x2003e740
   b4bf8:	2003e744 	.word	0x2003e744
   b4bfc:	000b4b81 	.word	0x000b4b81

000b4c00 <_ZnajRKSt9nothrow_t>:
   b4c00:	f7ff ba4f 	b.w	b40a2 <_Znaj>

000b4c04 <atexit>:
   b4c04:	2300      	movs	r3, #0
   b4c06:	4601      	mov	r1, r0
   b4c08:	461a      	mov	r2, r3
   b4c0a:	4618      	mov	r0, r3
   b4c0c:	f000 b844 	b.w	b4c98 <__register_exitproc>

000b4c10 <memcpy>:
   b4c10:	440a      	add	r2, r1
   b4c12:	4291      	cmp	r1, r2
   b4c14:	f100 33ff 	add.w	r3, r0, #4294967295
   b4c18:	d100      	bne.n	b4c1c <memcpy+0xc>
   b4c1a:	4770      	bx	lr
   b4c1c:	b510      	push	{r4, lr}
   b4c1e:	f811 4b01 	ldrb.w	r4, [r1], #1
   b4c22:	f803 4f01 	strb.w	r4, [r3, #1]!
   b4c26:	4291      	cmp	r1, r2
   b4c28:	d1f9      	bne.n	b4c1e <memcpy+0xe>
   b4c2a:	bd10      	pop	{r4, pc}

000b4c2c <memset>:
   b4c2c:	4402      	add	r2, r0
   b4c2e:	4603      	mov	r3, r0
   b4c30:	4293      	cmp	r3, r2
   b4c32:	d100      	bne.n	b4c36 <memset+0xa>
   b4c34:	4770      	bx	lr
   b4c36:	f803 1b01 	strb.w	r1, [r3], #1
   b4c3a:	e7f9      	b.n	b4c30 <memset+0x4>

000b4c3c <srand>:
   b4c3c:	b538      	push	{r3, r4, r5, lr}
   b4c3e:	4b10      	ldr	r3, [pc, #64]	; (b4c80 <srand+0x44>)
   b4c40:	681d      	ldr	r5, [r3, #0]
   b4c42:	6bab      	ldr	r3, [r5, #56]	; 0x38
   b4c44:	4604      	mov	r4, r0
   b4c46:	b9b3      	cbnz	r3, b4c76 <srand+0x3a>
   b4c48:	2018      	movs	r0, #24
   b4c4a:	f7ff fbc7 	bl	b43dc <malloc>
   b4c4e:	4602      	mov	r2, r0
   b4c50:	63a8      	str	r0, [r5, #56]	; 0x38
   b4c52:	b920      	cbnz	r0, b4c5e <srand+0x22>
   b4c54:	4b0b      	ldr	r3, [pc, #44]	; (b4c84 <srand+0x48>)
   b4c56:	480c      	ldr	r0, [pc, #48]	; (b4c88 <srand+0x4c>)
   b4c58:	2142      	movs	r1, #66	; 0x42
   b4c5a:	f7ff fbcf 	bl	b43fc <__assert_func>
   b4c5e:	490b      	ldr	r1, [pc, #44]	; (b4c8c <srand+0x50>)
   b4c60:	4b0b      	ldr	r3, [pc, #44]	; (b4c90 <srand+0x54>)
   b4c62:	e9c0 1300 	strd	r1, r3, [r0]
   b4c66:	4b0b      	ldr	r3, [pc, #44]	; (b4c94 <srand+0x58>)
   b4c68:	6083      	str	r3, [r0, #8]
   b4c6a:	230b      	movs	r3, #11
   b4c6c:	8183      	strh	r3, [r0, #12]
   b4c6e:	2100      	movs	r1, #0
   b4c70:	2001      	movs	r0, #1
   b4c72:	e9c2 0104 	strd	r0, r1, [r2, #16]
   b4c76:	6bab      	ldr	r3, [r5, #56]	; 0x38
   b4c78:	2200      	movs	r2, #0
   b4c7a:	611c      	str	r4, [r3, #16]
   b4c7c:	615a      	str	r2, [r3, #20]
   b4c7e:	bd38      	pop	{r3, r4, r5, pc}
   b4c80:	2003e664 	.word	0x2003e664
   b4c84:	000b4eed 	.word	0x000b4eed
   b4c88:	000b4f04 	.word	0x000b4f04
   b4c8c:	abcd330e 	.word	0xabcd330e
   b4c90:	e66d1234 	.word	0xe66d1234
   b4c94:	0005deec 	.word	0x0005deec

000b4c98 <__register_exitproc>:
   b4c98:	e92d 43f8 	stmdb	sp!, {r3, r4, r5, r6, r7, r8, r9, lr}
   b4c9c:	f8df 80b8 	ldr.w	r8, [pc, #184]	; b4d58 <__register_exitproc+0xc0>
   b4ca0:	4606      	mov	r6, r0
   b4ca2:	f8d8 0000 	ldr.w	r0, [r8]
   b4ca6:	461f      	mov	r7, r3
   b4ca8:	460d      	mov	r5, r1
   b4caa:	4691      	mov	r9, r2
   b4cac:	f000 f856 	bl	b4d5c <__retarget_lock_acquire_recursive>
   b4cb0:	4b25      	ldr	r3, [pc, #148]	; (b4d48 <__register_exitproc+0xb0>)
   b4cb2:	681c      	ldr	r4, [r3, #0]
   b4cb4:	b934      	cbnz	r4, b4cc4 <__register_exitproc+0x2c>
   b4cb6:	4c25      	ldr	r4, [pc, #148]	; (b4d4c <__register_exitproc+0xb4>)
   b4cb8:	601c      	str	r4, [r3, #0]
   b4cba:	4b25      	ldr	r3, [pc, #148]	; (b4d50 <__register_exitproc+0xb8>)
   b4cbc:	b113      	cbz	r3, b4cc4 <__register_exitproc+0x2c>
   b4cbe:	681b      	ldr	r3, [r3, #0]
   b4cc0:	f8c4 3088 	str.w	r3, [r4, #136]	; 0x88
   b4cc4:	6863      	ldr	r3, [r4, #4]
   b4cc6:	2b1f      	cmp	r3, #31
   b4cc8:	dd07      	ble.n	b4cda <__register_exitproc+0x42>
   b4cca:	f8d8 0000 	ldr.w	r0, [r8]
   b4cce:	f000 f847 	bl	b4d60 <__retarget_lock_release_recursive>
   b4cd2:	f04f 30ff 	mov.w	r0, #4294967295
   b4cd6:	e8bd 83f8 	ldmia.w	sp!, {r3, r4, r5, r6, r7, r8, r9, pc}
   b4cda:	b34e      	cbz	r6, b4d30 <__register_exitproc+0x98>
   b4cdc:	f8d4 0088 	ldr.w	r0, [r4, #136]	; 0x88
   b4ce0:	b988      	cbnz	r0, b4d06 <__register_exitproc+0x6e>
   b4ce2:	4b1c      	ldr	r3, [pc, #112]	; (b4d54 <__register_exitproc+0xbc>)
   b4ce4:	b923      	cbnz	r3, b4cf0 <__register_exitproc+0x58>
   b4ce6:	f8d8 0000 	ldr.w	r0, [r8]
   b4cea:	f000 f838 	bl	b4d5e <__retarget_lock_release>
   b4cee:	e7f0      	b.n	b4cd2 <__register_exitproc+0x3a>
   b4cf0:	f44f 7084 	mov.w	r0, #264	; 0x108
   b4cf4:	f7ff fb72 	bl	b43dc <malloc>
   b4cf8:	2800      	cmp	r0, #0
   b4cfa:	d0f4      	beq.n	b4ce6 <__register_exitproc+0x4e>
   b4cfc:	2300      	movs	r3, #0
   b4cfe:	e9c0 3340 	strd	r3, r3, [r0, #256]	; 0x100
   b4d02:	f8c4 0088 	str.w	r0, [r4, #136]	; 0x88
   b4d06:	6863      	ldr	r3, [r4, #4]
   b4d08:	f840 9023 	str.w	r9, [r0, r3, lsl #2]
   b4d0c:	2201      	movs	r2, #1
   b4d0e:	409a      	lsls	r2, r3
   b4d10:	eb00 0183 	add.w	r1, r0, r3, lsl #2
   b4d14:	f8d0 3100 	ldr.w	r3, [r0, #256]	; 0x100
   b4d18:	4313      	orrs	r3, r2
   b4d1a:	f8c0 3100 	str.w	r3, [r0, #256]	; 0x100
   b4d1e:	2e02      	cmp	r6, #2
   b4d20:	f8c1 7080 	str.w	r7, [r1, #128]	; 0x80
   b4d24:	bf02      	ittt	eq
   b4d26:	f8d0 3104 	ldreq.w	r3, [r0, #260]	; 0x104
   b4d2a:	4313      	orreq	r3, r2
   b4d2c:	f8c0 3104 	streq.w	r3, [r0, #260]	; 0x104
   b4d30:	6863      	ldr	r3, [r4, #4]
   b4d32:	f8d8 0000 	ldr.w	r0, [r8]
   b4d36:	1c5a      	adds	r2, r3, #1
   b4d38:	3302      	adds	r3, #2
   b4d3a:	6062      	str	r2, [r4, #4]
   b4d3c:	f844 5023 	str.w	r5, [r4, r3, lsl #2]
   b4d40:	f000 f80e 	bl	b4d60 <__retarget_lock_release_recursive>
   b4d44:	2000      	movs	r0, #0
   b4d46:	e7c6      	b.n	b4cd6 <__register_exitproc+0x3e>
   b4d48:	2003e7e8 	.word	0x2003e7e8
   b4d4c:	2003e75c 	.word	0x2003e75c
   b4d50:	00000000 	.word	0x00000000
   b4d54:	000b43dd 	.word	0x000b43dd
   b4d58:	2003e6c8 	.word	0x2003e6c8

000b4d5c <__retarget_lock_acquire_recursive>:
   b4d5c:	4770      	bx	lr

000b4d5e <__retarget_lock_release>:
   b4d5e:	4770      	bx	lr

000b4d60 <__retarget_lock_release_recursive>:
   b4d60:	4770      	bx	lr

000b4d62 <link_code_end>:
	...

000b4d64 <dynalib_user>:
   b4d64:	402d 000b 4069 000b 4091 000b 4095 000b     -@..i@...@...@..
   b4d74:	0000 0000 7542 7474 6e6f 7320 6174 6574     ....Button state
   b4d84:	6920 2073 4948 4847 4200 7475 6f74 206e      is HIGH.Button 
   b4d94:	7473 7461 2065 7369 4c20 574f 0000 0000     state is LOW....

000b4da4 <_ZTVN5spark13EthernetClassE>:
	...
   b4dac:	447b 000b 4471 000b 4467 000b 445d 000b     {D..qD..gD..]D..
   b4dbc:	4451 000b 4445 000b 4a5d 000b 4a65 000b     QD..ED..]J..eJ..
   b4dcc:	4439 000b 4431 000b 4427 000b 441d 000b     9D..1D..'D...D..
   b4ddc:	4a95 000b 7061 0070 5925 252d 2d6d 6425     .J..app.%Y-%m-%d
   b4dec:	2554 3a48 4d25 253a 2553 007a 7361 7463     T%H:%M:%S%z.asct
   b4dfc:	6d69 0065                                   ime.

000b4e00 <_ZTV9IPAddress>:
	...
   b4e08:	4705 000b 46f5 000b 46f7 000b               .G...F...F..

000b4e14 <_ZTV9USBSerial>:
	...
   b4e1c:	47eb 000b 4853 000b 4829 000b 44cd 000b     .G..SH..)H...D..
   b4e2c:	481b 000b 47ed 000b 47fd 000b 484d 000b     .H...G...G..MH..
   b4e3c:	480d 000b 47e5 000b                         .H...G..

000b4e44 <_ZTV11USARTSerial>:
	...
   b4e4c:	48ed 000b 4959 000b 4931 000b 44cd 000b     .H..YI..1I...D..
   b4e5c:	4901 000b 491d 000b 490f 000b 492b 000b     .I...I...I..+I..
   b4e6c:	48ef 000b 48f3 000b                         .H...H..

000b4e74 <_ZTVN5spark9WiFiClassE>:
	...
   b4e7c:	49fd 000b 49f3 000b 49e9 000b 499f 000b     .I...I...I...I..
   b4e8c:	49dd 000b 49d1 000b 4a5d 000b 4a65 000b     .I...I..]J..eJ..
   b4e9c:	49c5 000b 49bd 000b 49b3 000b 49a9 000b     .I...I...I...I..
   b4eac:	4a95 000b                                   .J..

000b4eb0 <_ZTVN5spark12NetworkClassE>:
	...
   b4eb8:	4a1d 000b 4a27 000b 4a31 000b 4a3b 000b     .J..'J..1J..;J..
   b4ec8:	4a45 000b 4a51 000b 4a5d 000b 4a65 000b     EJ..QJ..]J..eJ..
   b4ed8:	4a6d 000b 4a79 000b 4a81 000b 4a8b 000b     mJ..yJ...J...J..
   b4ee8:	4a95 000b                                   .J..

000b4eec <_ZSt7nothrow>:
   b4eec:	5200 4545 544e 6d20 6c61 6f6c 2063 7573     .REENT malloc su
   b4efc:	6363 6565 6564 0064 6d2f 746e 772f 726f     cceeded./mnt/wor
   b4f0c:	736b 6170 6563 772f 726f 736b 6170 6563     kspace/workspace
   b4f1c:	472f 4343 312d 2d30 6970 6570 696c 656e     /GCC-10-pipeline
   b4f2c:	6a2f 6e65 696b 736e 472d 4343 312d 2d30     /jenkins-GCC-10-
   b4f3c:	6970 6570 696c 656e 342d 5f38 3032 3032     pipeline-48_2020
   b4f4c:	3131 3432 315f 3036 3136 3038 3436 2f31     1124_1606180641/
   b4f5c:	7273 2f63 656e 6c77 6269 6e2f 7765 696c     src/newlib/newli
   b4f6c:	2f62 696c 6362 732f 6474 696c 2f62 6172     b/libc/stdlib/ra
   b4f7c:	646e 632e                                    nd.c.

000b4f81 <link_const_data_end>:
   b4f81:	00          	.byte	0x00
	...

000b4f84 <link_constructors_location>:
   b4f84:	000b414d 	.word	0x000b414d
   b4f88:	000b4485 	.word	0x000b4485
   b4f8c:	000b4499 	.word	0x000b4499
   b4f90:	000b44bd 	.word	0x000b44bd
   b4f94:	000b458d 	.word	0x000b458d
   b4f98:	000b459d 	.word	0x000b459d
   b4f9c:	000b45b1 	.word	0x000b45b1
   b4fa0:	000b4a09 	.word	0x000b4a09
   b4fa4:	000b4b6d 	.word	0x000b4b6d
